<!DOCTYPE html>
<html>
<head>
<meta http-equiv="Content-Type" content="text/html; charset=utf-8"/>
<meta http-equiv="x-ua-compatible" content="IE=edge"/>
<title>Test results - Class com.epam.pipeline.autotests.PipelineDetailsTest</title>
<link href="../css/base-style.css" rel="stylesheet" type="text/css"/>
<link href="../css/style.css" rel="stylesheet" type="text/css"/>
<script src="../js/report.js" type="text/javascript"></script>
</head>
<body>
<div id="content">
<h1>Class com.epam.pipeline.autotests.PipelineDetailsTest</h1>
<div class="breadcrumbs">
<a href="../index.html">all</a> &gt; 
<a href="../packages/com.epam.pipeline.autotests.html">com.epam.pipeline.autotests</a> &gt; PipelineDetailsTest</div>
<div id="summary">
<table>
<tr>
<td>
<div class="summaryGroup">
<table>
<tr>
<td>
<div class="infoBox" id="tests">
<div class="counter">17</div>
<p>tests</p>
</div>
</td>
<td>
<div class="infoBox" id="failures">
<div class="counter">2</div>
<p>failures</p>
</div>
</td>
<td>
<div class="infoBox" id="ignored">
<div class="counter">0</div>
<p>ignored</p>
</div>
</td>
<td>
<div class="infoBox" id="duration">
<div class="counter">10m55.48s</div>
<p>duration</p>
</div>
</td>
</tr>
</table>
</div>
</td>
<td>
<div class="infoBox failures" id="successRate">
<div class="percent">88%</div>
<p>successful</p>
</div>
</td>
</tr>
</table>
</div>
<div id="tabs">
<ul class="tabLinks">
<li>
<a href="#tab0">Failed tests</a>
</li>
<li>
<a href="#tab1">Tests</a>
</li>
<li>
<a href="#tab2">Standard output</a>
</li>
</ul>
<div id="tab0" class="tab">
<h2>Failed tests</h2>
<div class="test">
<a name="removePipelines"></a>
<h3 class="failures">removePipelines</h3>
<span class="code">
<pre>Element not found {By.id: navigation-button-pipelines}
Expected: exist
Screenshot: file:/headless/e2e/gui/build/reports/tests/1611845586152.134.png
Page source: file:/headless/e2e/gui/build/reports/tests/1611845586152.134.html
Timeout: 80 s.
Caused by: WebDriverException: unknown error: Element &lt;a id=&quot;navigation-button-pipelines&quot; class=&quot;navigation__navigation-menu-item&quot; href=&quot;#/library&quot; style=&quot;display: block; margin: 0px 2px; text-decoration: none;&quot;&gt;...&lt;/a&gt; is not clickable at point (32, 114). Other element would receive the click: &lt;div tabindex=&quot;-1&quot; class=&quot;ant-modal-wrap &quot; role=&quot;dialog&quot;&gt;...&lt;/div&gt;
	at com.codeborne.selenide.impl.WebElementSource.createElementNotFoundError(WebElementSource.java:31)
	at com.codeborne.selenide.impl.ElementFinder.createElementNotFoundError(ElementFinder.java:82)
	at com.codeborne.selenide.impl.SelenideElementProxy.dispatchAndRetry(SelenideElementProxy.java:116)
	at com.codeborne.selenide.impl.SelenideElementProxy.invoke(SelenideElementProxy.java:63)
	at com.sun.proxy.$Proxy15.click(Unknown Source)
	at com.epam.pipeline.autotests.mixins.Navigation.navigationMenu(Navigation.java:36)
	at com.epam.pipeline.autotests.mixins.Navigation.library(Navigation.java:49)
	at com.epam.pipeline.autotests.PipelineDetailsTest.removePipelines(PipelineDetailsTest.java:81)
	at sun.reflect.NativeMethodAccessorImpl.invoke0(Native Method)
	at sun.reflect.NativeMethodAccessorImpl.invoke(NativeMethodAccessorImpl.java:62)
	at sun.reflect.DelegatingMethodAccessorImpl.invoke(DelegatingMethodAccessorImpl.java:43)
	at java.lang.reflect.Method.invoke(Method.java:498)
	at org.testng.internal.MethodInvocationHelper.invokeMethod(MethodInvocationHelper.java:108)
	at org.testng.internal.Invoker.invokeConfigurationMethod(Invoker.java:523)
	at org.testng.internal.Invoker.invokeConfigurations(Invoker.java:224)
	at org.testng.internal.Invoker.invokeConfigurations(Invoker.java:146)
	at org.testng.internal.TestMethodWorker.invokeAfterClassMethods(TestMethodWorker.java:212)
	at org.testng.internal.TestMethodWorker.run(TestMethodWorker.java:112)
	at java.util.concurrent.ThreadPoolExecutor.runWorker(ThreadPoolExecutor.java:1149)
	at java.util.concurrent.ThreadPoolExecutor$Worker.run(ThreadPoolExecutor.java:624)
	at java.lang.Thread.run(Thread.java:748)
Caused by: org.openqa.selenium.WebDriverException: unknown error: Element &lt;a id=&quot;navigation-button-pipelines&quot; class=&quot;navigation__navigation-menu-item&quot; href=&quot;#/library&quot; style=&quot;display: block; margin: 0px 2px; text-decoration: none;&quot;&gt;...&lt;/a&gt; is not clickable at point (32, 114). Other element would receive the click: &lt;div tabindex=&quot;-1&quot; class=&quot;ant-modal-wrap &quot; role=&quot;dialog&quot;&gt;...&lt;/div&gt;
  (Session info: chrome=63.0.3239.132)
  (Driver info: chromedriver=2.36.540471 (9c759b81a907e70363c6312294d30b6ccccc2752),platform=Linux 3.10.0-1127.8.2.el7.x86_64 x86_64) (WARNING: The server did not provide any stacktrace information)
Command duration or timeout: 0 milliseconds
Build info: version: '3.8.1', revision: '6e95a6684b', time: '2017-12-01T18:33:54.468Z'
System info: host: 'bca62f008d3b', ip: '172.17.0.2', os.name: 'Linux', os.arch: 'amd64', os.version: '3.10.0-1127.8.2.el7.x86_64', java.version: '1.8.0_262'
Driver info: org.openqa.selenium.chrome.ChromeDriver
Capabilities {acceptInsecureCerts: false, acceptSslCerts: false, applicationCacheEnabled: false, browserConnectionEnabled: false, browserName: chrome, chrome: {chromedriverVersion: 2.36.540471 (9c759b81a907e7..., userDataDir: /tmp/.org.chromium.Chromium...}, cssSelectorsEnabled: true, databaseEnabled: false, handlesAlerts: true, hasTouchScreen: false, javascriptEnabled: true, locationContextEnabled: true, mobileEmulationEnabled: false, nativeEvents: true, networkConnectionEnabled: false, pageLoadStrategy: normal, platform: LINUX, platformName: LINUX, rotatable: false, setWindowRect: true, takesHeapSnapshot: true, takesScreenshot: true, unexpectedAlertBehaviour: , unhandledPromptBehavior: , version: 63.0.3239.132, webStorageEnabled: true}
Session ID: 65d6dd2926c3913b03f8dbcbdc645671
	at sun.reflect.GeneratedConstructorAccessor15.newInstance(Unknown Source)
	at sun.reflect.DelegatingConstructorAccessorImpl.newInstance(DelegatingConstructorAccessorImpl.java:45)
	at java.lang.reflect.Constructor.newInstance(Constructor.java:423)
	at org.openqa.selenium.remote.ErrorHandler.createThrowable(ErrorHandler.java:214)
	at org.openqa.selenium.remote.ErrorHandler.throwIfResponseFailed(ErrorHandler.java:166)
	at org.openqa.selenium.remote.http.JsonHttpResponseCodec.reconstructValue(JsonHttpResponseCodec.java:40)
	at org.openqa.selenium.remote.http.AbstractHttpResponseCodec.decode(AbstractHttpResponseCodec.java:80)
	at org.openqa.selenium.remote.http.AbstractHttpResponseCodec.decode(AbstractHttpResponseCodec.java:44)
	at org.openqa.selenium.remote.HttpCommandExecutor.execute(HttpCommandExecutor.java:164)
	at org.openqa.selenium.remote.service.DriverCommandExecutor.execute(DriverCommandExecutor.java:83)
	at org.openqa.selenium.remote.RemoteWebDriver.execute(RemoteWebDriver.java:601)
	at org.openqa.selenium.remote.RemoteWebElement.execute(RemoteWebElement.java:279)
	at org.openqa.selenium.remote.RemoteWebElement.click(RemoteWebElement.java:83)
	at com.codeborne.selenide.commands.Click.click(Click.java:29)
	at com.codeborne.selenide.commands.Click.execute(Click.java:16)
	at com.codeborne.selenide.commands.Click.execute(Click.java:12)
	at com.codeborne.selenide.commands.Commands.execute(Commands.java:144)
	at com.codeborne.selenide.impl.SelenideElementProxy.dispatchAndRetry(SelenideElementProxy.java:87)
	... 18 more
</pre>
</span>
</div>
<div class="test">
<a name="validateViewDraftVersionsPipelineHistory - EPMCMBIBPC-1629"></a>
<h3 class="failures">validateViewDraftVersionsPipelineHistory - EPMCMBIBPC-1629</h3>
<span class="code">
<pre>Element not found {By.className: ob-estimated-price-info__info}
Expected: visible
Screenshot: file:/headless/e2e/gui/build/reports/tests/1611845505896.133.png
Page source: file:/headless/e2e/gui/build/reports/tests/1611845505896.133.html
Timeout: 80 s.
Caused by: NoSuchElementException: no such element: Unable to locate element: {&quot;method&quot;:&quot;class name&quot;,&quot;selector&quot;:&quot;ob-estimated-price-info__info&quot;}
	at com.codeborne.selenide.impl.WebElementSource.createElementNotFoundError(WebElementSource.java:31)
	at com.codeborne.selenide.impl.ElementFinder.createElementNotFoundError(ElementFinder.java:82)
	at com.codeborne.selenide.impl.WebElementSource.checkCondition(WebElementSource.java:59)
	at com.codeborne.selenide.commands.Should.should(Should.java:35)
	at com.codeborne.selenide.commands.Should.execute(Should.java:29)
	at com.codeborne.selenide.commands.Should.execute(Should.java:12)
	at com.codeborne.selenide.commands.Commands.execute(Commands.java:144)
	at com.codeborne.selenide.impl.SelenideElementProxy.dispatchAndRetry(SelenideElementProxy.java:87)
	at com.codeborne.selenide.impl.SelenideElementProxy.invoke(SelenideElementProxy.java:63)
	at com.sun.proxy.$Proxy15.shouldBe(Unknown Source)
	at com.epam.pipeline.autotests.ao.PipelineRunFormAO.launch(PipelineRunFormAO.java:290)
	at com.epam.pipeline.autotests.ao.PipelineRunFormAO.launch(PipelineRunFormAO.java:216)
	at com.epam.pipeline.autotests.PipelineDetailsTest.runPipeline(PipelineDetailsTest.java:301)
	at com.epam.pipeline.autotests.PipelineDetailsTest.validateViewDraftVersionsPipelineHistory(PipelineDetailsTest.java:282)
	at sun.reflect.NativeMethodAccessorImpl.invoke0(Native Method)
	at sun.reflect.NativeMethodAccessorImpl.invoke(NativeMethodAccessorImpl.java:62)
	at sun.reflect.DelegatingMethodAccessorImpl.invoke(DelegatingMethodAccessorImpl.java:43)
	at java.lang.reflect.Method.invoke(Method.java:498)
	at org.testng.internal.MethodInvocationHelper.invokeMethod(MethodInvocationHelper.java:108)
	at org.testng.internal.Invoker.invokeMethod(Invoker.java:661)
	at org.testng.internal.Invoker.invokeTestMethod(Invoker.java:869)
	at org.testng.internal.Invoker.invokeTestMethods(Invoker.java:1193)
	at org.testng.internal.TestMethodWorker.invokeTestMethods(TestMethodWorker.java:126)
	at org.testng.internal.TestMethodWorker.run(TestMethodWorker.java:109)
	at java.util.concurrent.ThreadPoolExecutor.runWorker(ThreadPoolExecutor.java:1149)
	at java.util.concurrent.ThreadPoolExecutor$Worker.run(ThreadPoolExecutor.java:624)
	at java.lang.Thread.run(Thread.java:748)
Caused by: org.openqa.selenium.NoSuchElementException: no such element: Unable to locate element: {&quot;method&quot;:&quot;class name&quot;,&quot;selector&quot;:&quot;ob-estimated-price-info__info&quot;}
  (Session info: chrome=63.0.3239.132)
  (Driver info: chromedriver=2.36.540471 (9c759b81a907e70363c6312294d30b6ccccc2752),platform=Linux 3.10.0-1127.8.2.el7.x86_64 x86_64) (WARNING: The server did not provide any stacktrace information)
Command duration or timeout: 0 milliseconds
For documentation on this error, please visit: http://seleniumhq.org/exceptions/no_such_element.html
Build info: version: '3.8.1', revision: '6e95a6684b', time: '2017-12-01T18:33:54.468Z'
System info: host: 'bca62f008d3b', ip: '172.17.0.2', os.name: 'Linux', os.arch: 'amd64', os.version: '3.10.0-1127.8.2.el7.x86_64', java.version: '1.8.0_262'
Driver info: org.openqa.selenium.chrome.ChromeDriver
Capabilities {acceptInsecureCerts: false, acceptSslCerts: false, applicationCacheEnabled: false, browserConnectionEnabled: false, browserName: chrome, chrome: {chromedriverVersion: 2.36.540471 (9c759b81a907e7..., userDataDir: /tmp/.org.chromium.Chromium...}, cssSelectorsEnabled: true, databaseEnabled: false, handlesAlerts: true, hasTouchScreen: false, javascriptEnabled: true, locationContextEnabled: true, mobileEmulationEnabled: false, nativeEvents: true, networkConnectionEnabled: false, pageLoadStrategy: normal, platform: LINUX, platformName: LINUX, rotatable: false, setWindowRect: true, takesHeapSnapshot: true, takesScreenshot: true, unexpectedAlertBehaviour: , unhandledPromptBehavior: , version: 63.0.3239.132, webStorageEnabled: true}
Session ID: 65d6dd2926c3913b03f8dbcbdc645671
*** Element info: {Using=class name, value=ob-estimated-price-info__info}
	at sun.reflect.GeneratedConstructorAccessor14.newInstance(Unknown Source)
	at sun.reflect.DelegatingConstructorAccessorImpl.newInstance(DelegatingConstructorAccessorImpl.java:45)
	at java.lang.reflect.Constructor.newInstance(Constructor.java:423)
	at org.openqa.selenium.remote.ErrorHandler.createThrowable(ErrorHandler.java:214)
	at org.openqa.selenium.remote.ErrorHandler.throwIfResponseFailed(ErrorHandler.java:166)
	at org.openqa.selenium.remote.http.JsonHttpResponseCodec.reconstructValue(JsonHttpResponseCodec.java:40)
	at org.openqa.selenium.remote.http.AbstractHttpResponseCodec.decode(AbstractHttpResponseCodec.java:80)
	at org.openqa.selenium.remote.http.AbstractHttpResponseCodec.decode(AbstractHttpResponseCodec.java:44)
	at org.openqa.selenium.remote.HttpCommandExecutor.execute(HttpCommandExecutor.java:164)
	at org.openqa.selenium.remote.service.DriverCommandExecutor.execute(DriverCommandExecutor.java:83)
	at org.openqa.selenium.remote.RemoteWebDriver.execute(RemoteWebDriver.java:601)
	at org.openqa.selenium.remote.RemoteWebElement.execute(RemoteWebElement.java:279)
	at org.openqa.selenium.remote.RemoteWebElement.findElement(RemoteWebElement.java:179)
	at org.openqa.selenium.remote.RemoteWebElement.findElementByClassName(RemoteWebElement.java:239)
	at org.openqa.selenium.By$ByClassName.findElement(By.java:391)
	at org.openqa.selenium.remote.RemoteWebElement.findElement(RemoteWebElement.java:175)
	at com.codeborne.selenide.impl.WebElementSelector.findElement(WebElementSelector.java:29)
	at com.codeborne.selenide.impl.ElementFinder.getWebElement(ElementFinder.java:56)
	at com.codeborne.selenide.impl.WebElementSource.checkCondition(WebElementSource.java:44)
	... 24 more
</pre>
</span>
</div>
</div>
<div id="tab1" class="tab">
<h2>Tests</h2>
<table>
<thead>
<tr>
<th>Test</th>
<th>Duration</th>
<th>Result</th>
</tr>
</thead>
<tr>
<td class="success">documentShouldBeRenamed - EPMCMBIBPC-346</td>
<td>2.603s</td>
<td class="success">passed</td>
</tr>
<tr>
<td class="success">documentTabShouldBeValid - EPMCMBIBPC-345</td>
<td>2.866s</td>
<td class="success">passed</td>
</tr>
<tr>
<td class="success">luigiGraphTabShouldBeValid - EPMCMBIBPC-344</td>
<td>3.620s</td>
<td class="success">passed</td>
</tr>
<tr>
<td class="success">luigiPipelineTabsShouldBeValid - EPMCMBIBPC-343</td>
<td>15.252s</td>
<td class="success">passed</td>
</tr>
<tr>
<td class="failures">removePipelines</td>
<td>1m20.24s</td>
<td class="failures">failed</td>
</tr>
<tr>
<td class="success">shouldCreateFileInSubfolder - EPMCMBIBPC-340</td>
<td>4.336s</td>
<td class="success">passed</td>
</tr>
<tr>
<td class="success">shouldCreateFolderInPipeline - EPMCMBIBPC-339</td>
<td>3.741s</td>
<td class="success">passed</td>
</tr>
<tr>
<td class="success">shouldCreateStorageRule - EPMCMBIBPC-354</td>
<td>4.184s</td>
<td class="success">passed</td>
</tr>
<tr>
<td class="success">shouldDeleteDocumentFile - EPMCMBIBPC-348</td>
<td>1.958s</td>
<td class="success">passed</td>
</tr>
<tr>
<td class="success">shouldDeleteStorageRule - EPMCMBIBPC-355</td>
<td>1.493s</td>
<td class="success">passed</td>
</tr>
<tr>
<td class="success">shouldDownloadCorrectDocumentFile - EPMCMBIBPC-347</td>
<td>6.229s</td>
<td class="success">passed</td>
</tr>
<tr>
<td class="success">shouldHaveEmptyHistory - EPMCMBIBPC-350</td>
<td>3.115s</td>
<td class="success">passed</td>
</tr>
<tr>
<td class="success">shouldHaveHistoryEntry - EPMCMBIBPC-350</td>
<td>6m14.38s</td>
<td class="success">passed</td>
</tr>
<tr>
<td class="success">shouldNotCreateACopyOfRule - EPMCMBIBPC-356</td>
<td>1.930s</td>
<td class="success">passed</td>
</tr>
<tr>
<td class="success">shouldUploadFile - EPMCMBIBPC-349</td>
<td>3.666s</td>
<td class="success">passed</td>
</tr>
<tr>
<td class="success">storageRulesTabShouldBeValid - EPMCMBIBPC-353</td>
<td>3.980s</td>
<td class="success">passed</td>
</tr>
<tr>
<td class="failures">validateViewDraftVersionsPipelineHistory - EPMCMBIBPC-1629</td>
<td>2m21.88s</td>
<td class="failures">failed</td>
</tr>
</table>
</div>
<div id="tab2" class="tab">
<h2>Standard output</h2>
<span class="code">
<pre>Returns latest run with runId 56621 from [56621]
Returns latest run with runId 56621 from [56621]
Returns latest run with runId 56621 from [56621]
Returns latest run with runId 56622 from [56621, 56622]
Returns latest run with runId 56623 from [56621, 56622, 56623]
</pre>
</span>
</div>
</div>
<div id="footer">
<p>
<div>
<label class="hidden" id="label-for-line-wrapping-toggle" for="line-wrapping-toggle">Wrap lines
<input id="line-wrapping-toggle" type="checkbox" autocomplete="off"/>
</label>
</div>Generated by 
<a href="http://www.gradle.org">Gradle 3.4.1</a> at Jan 28, 2021 9:01:32 PM</p>
</div>
</div>
</body>
</html>
