<!DOCTYPE html>
<html>
<head>
<meta http-equiv="Content-Type" content="text/html; charset=utf-8"/>
<meta http-equiv="x-ua-compatible" content="IE=edge"/>
<title>Test results - Class com.epam.pipeline.autotests.ClusterNodeTest</title>
<link href="../css/base-style.css" rel="stylesheet" type="text/css"/>
<link href="../css/style.css" rel="stylesheet" type="text/css"/>
<script src="../js/report.js" type="text/javascript"></script>
</head>
<body>
<div id="content">
<h1>Class com.epam.pipeline.autotests.ClusterNodeTest</h1>
<div class="breadcrumbs">
<a href="../index.html">all</a> &gt; 
<a href="../packages/com.epam.pipeline.autotests.html">com.epam.pipeline.autotests</a> &gt; ClusterNodeTest</div>
<div id="summary">
<table>
<tr>
<td>
<div class="summaryGroup">
<table>
<tr>
<td>
<div class="infoBox" id="tests">
<div class="counter">11</div>
<p>tests</p>
</div>
</td>
<td>
<div class="infoBox" id="failures">
<div class="counter">5</div>
<p>failures</p>
</div>
</td>
<td>
<div class="infoBox" id="ignored">
<div class="counter">0</div>
<p>ignored</p>
</div>
</td>
<td>
<div class="infoBox" id="duration">
<div class="counter">6m8.45s</div>
<p>duration</p>
</div>
</td>
</tr>
</table>
</div>
</td>
<td>
<div class="infoBox failures" id="successRate">
<div class="percent">54%</div>
<p>successful</p>
</div>
</td>
</tr>
</table>
</div>
<div id="tabs">
<ul class="tabLinks">
<li>
<a href="#tab0">Failed tests</a>
</li>
<li>
<a href="#tab1">Tests</a>
</li>
</ul>
<div id="tab0" class="tab">
<h2>Failed tests</h2>
<div class="test">
<a name="nodesSortingDecreaseByLabelShouldBeValid - EPMCMBIBPC-275"></a>
<h3 class="failures">nodesSortingDecreaseByLabelShouldBeValid - EPMCMBIBPC-275</h3>
<span class="code">
<pre>org.openqa.selenium.StaleElementReferenceException: stale element reference: element is not attached to the page document
  (Session info: chrome=63.0.3239.132)
  (Driver info: chromedriver=2.36.540471 (9c759b81a907e70363c6312294d30b6ccccc2752),platform=Linux 3.10.0-1127.8.2.el7.x86_64 x86_64) (WARNING: The server did not provide any stacktrace information)
Command duration or timeout: 0 milliseconds
For documentation on this error, please visit: http://seleniumhq.org/exceptions/stale_element_reference.html
Build info: version: '3.8.1', revision: '6e95a6684b', time: '2017-12-01T18:33:54.468Z'
System info: host: '63e1cb80174e', ip: '172.17.0.3', os.name: 'Linux', os.arch: 'amd64', os.version: '3.10.0-1127.8.2.el7.x86_64', java.version: '1.8.0_262'
Driver info: org.openqa.selenium.chrome.ChromeDriver
Capabilities {acceptInsecureCerts: false, acceptSslCerts: false, applicationCacheEnabled: false, browserConnectionEnabled: false, browserName: chrome, chrome: {chromedriverVersion: 2.36.540471 (9c759b81a907e7..., userDataDir: /tmp/.org.chromium.Chromium...}, cssSelectorsEnabled: true, databaseEnabled: false, handlesAlerts: true, hasTouchScreen: false, javascriptEnabled: true, locationContextEnabled: true, mobileEmulationEnabled: false, nativeEvents: true, networkConnectionEnabled: false, pageLoadStrategy: normal, platform: LINUX, platformName: LINUX, rotatable: false, setWindowRect: true, takesHeapSnapshot: true, takesScreenshot: true, unexpectedAlertBehaviour: , unhandledPromptBehavior: , version: 63.0.3239.132, webStorageEnabled: true}
Session ID: 46a9bdb9fc5e262d7824cd1ec51a5e15
	at sun.reflect.GeneratedConstructorAccessor17.newInstance(Unknown Source)
	at sun.reflect.DelegatingConstructorAccessorImpl.newInstance(DelegatingConstructorAccessorImpl.java:45)
	at java.lang.reflect.Constructor.newInstance(Constructor.java:423)
	at org.openqa.selenium.remote.ErrorHandler.createThrowable(ErrorHandler.java:214)
	at org.openqa.selenium.remote.ErrorHandler.throwIfResponseFailed(ErrorHandler.java:166)
	at org.openqa.selenium.remote.http.JsonHttpResponseCodec.reconstructValue(JsonHttpResponseCodec.java:40)
	at org.openqa.selenium.remote.http.AbstractHttpResponseCodec.decode(AbstractHttpResponseCodec.java:80)
	at org.openqa.selenium.remote.http.AbstractHttpResponseCodec.decode(AbstractHttpResponseCodec.java:44)
	at org.openqa.selenium.remote.HttpCommandExecutor.execute(HttpCommandExecutor.java:164)
	at org.openqa.selenium.remote.service.DriverCommandExecutor.execute(DriverCommandExecutor.java:83)
	at org.openqa.selenium.remote.RemoteWebDriver.execute(RemoteWebDriver.java:601)
	at org.openqa.selenium.remote.RemoteWebElement.execute(RemoteWebElement.java:279)
	at org.openqa.selenium.remote.RemoteWebElement.getAttribute(RemoteWebElement.java:128)
	at com.codeborne.selenide.Condition.getAttributeValue(Condition.java:166)
	at com.codeborne.selenide.Condition.access$000(Condition.java:15)
	at com.codeborne.selenide.Condition$5.apply(Condition.java:156)
	at com.codeborne.selenide.Condition$5.apply(Condition.java:153)
	at com.google.common.collect.Iterators$5.computeNext(Iterators.java:639)
	at com.google.common.collect.AbstractIterator.tryToComputeNext(AbstractIterator.java:140)
	at com.google.common.collect.AbstractIterator.hasNext(AbstractIterator.java:135)
	at com.google.common.collect.Iterators.addAll(Iterators.java:357)
	at com.google.common.collect.Lists.newArrayList(Lists.java:155)
	at com.google.common.collect.Collections2$FilteredCollection.toArray(Collections2.java:231)
	at java.util.ArrayList.&lt;init&gt;(ArrayList.java:178)
	at com.codeborne.selenide.impl.FilteringCollection.getActualElements(FilteringCollection.java:31)
	at com.codeborne.selenide.impl.SelenideElementIterator.hasNext(SelenideElementIterator.java:17)
	at com.epam.pipeline.autotests.ao.ClusterMenuAO.validateSortedBy(ClusterMenuAO.java:253)
	at com.epam.pipeline.autotests.ao.ClusterMenuAO.validateSortedByDecrease(ClusterMenuAO.java:227)
	at com.epam.pipeline.autotests.ClusterNodeTest.nodesSortingDecreaseByLabelShouldBeValid(ClusterNodeTest.java:78)
	at sun.reflect.NativeMethodAccessorImpl.invoke0(Native Method)
	at sun.reflect.NativeMethodAccessorImpl.invoke(NativeMethodAccessorImpl.java:62)
	at sun.reflect.DelegatingMethodAccessorImpl.invoke(DelegatingMethodAccessorImpl.java:43)
	at java.lang.reflect.Method.invoke(Method.java:498)
	at org.testng.internal.MethodInvocationHelper.invokeMethod(MethodInvocationHelper.java:108)
	at org.testng.internal.Invoker.invokeMethod(Invoker.java:661)
	at org.testng.internal.Invoker.invokeTestMethod(Invoker.java:869)
	at org.testng.internal.Invoker.invokeTestMethods(Invoker.java:1193)
	at org.testng.internal.TestMethodWorker.invokeTestMethods(TestMethodWorker.java:126)
	at org.testng.internal.TestMethodWorker.run(TestMethodWorker.java:109)
	at java.util.concurrent.ThreadPoolExecutor.runWorker(ThreadPoolExecutor.java:1149)
	at java.util.concurrent.ThreadPoolExecutor$Worker.run(ThreadPoolExecutor.java:624)
	at java.lang.Thread.run(Thread.java:748)
</pre>
</span>
</div>
<div class="test">
<a name="removePipeline"></a>
<h3 class="failures">removePipeline</h3>
<span class="code">
<pre>Element not found {By.id: navigation-button-pipelines}
Expected: visible
Screenshot: file:/headless/e2e/gui/build/reports/tests/1622455786310.63.png
Page source: file:/headless/e2e/gui/build/reports/tests/1622455786310.63.html
Timeout: 80 s.
Caused by: NoSuchElementException: no such element: Unable to locate element: {&quot;method&quot;:&quot;id&quot;,&quot;selector&quot;:&quot;navigation-button-pipelines&quot;}
	at com.codeborne.selenide.impl.WebElementSource.createElementNotFoundError(WebElementSource.java:31)
	at com.codeborne.selenide.impl.ElementFinder.createElementNotFoundError(ElementFinder.java:82)
	at com.codeborne.selenide.impl.WebElementSource.checkCondition(WebElementSource.java:59)
	at com.codeborne.selenide.commands.Should.should(Should.java:35)
	at com.codeborne.selenide.commands.Should.execute(Should.java:29)
	at com.codeborne.selenide.commands.Should.execute(Should.java:12)
	at com.codeborne.selenide.commands.Commands.execute(Commands.java:144)
	at com.codeborne.selenide.impl.SelenideElementProxy.dispatchAndRetry(SelenideElementProxy.java:87)
	at com.codeborne.selenide.impl.SelenideElementProxy.invoke(SelenideElementProxy.java:63)
	at com.sun.proxy.$Proxy15.shouldBe(Unknown Source)
	at com.epam.pipeline.autotests.mixins.Navigation.navigationMenu(Navigation.java:36)
	at com.epam.pipeline.autotests.AbstractAutoRemovingPipelineRunningTest.removePipeline(AbstractAutoRemovingPipelineRunningTest.java:37)
	at sun.reflect.GeneratedMethodAccessor25.invoke(Unknown Source)
	at sun.reflect.DelegatingMethodAccessorImpl.invoke(DelegatingMethodAccessorImpl.java:43)
	at java.lang.reflect.Method.invoke(Method.java:498)
	at org.testng.internal.MethodInvocationHelper.invokeMethod(MethodInvocationHelper.java:108)
	at org.testng.internal.Invoker.invokeConfigurationMethod(Invoker.java:523)
	at org.testng.internal.Invoker.invokeConfigurations(Invoker.java:224)
	at org.testng.internal.Invoker.invokeConfigurations(Invoker.java:146)
	at org.testng.internal.TestMethodWorker.invokeAfterClassMethods(TestMethodWorker.java:212)
	at org.testng.internal.TestMethodWorker.run(TestMethodWorker.java:112)
	at java.util.concurrent.ThreadPoolExecutor.runWorker(ThreadPoolExecutor.java:1149)
	at java.util.concurrent.ThreadPoolExecutor$Worker.run(ThreadPoolExecutor.java:624)
	at java.lang.Thread.run(Thread.java:748)
Caused by: org.openqa.selenium.NoSuchElementException: no such element: Unable to locate element: {&quot;method&quot;:&quot;id&quot;,&quot;selector&quot;:&quot;navigation-button-pipelines&quot;}
  (Session info: chrome=63.0.3239.132)
  (Driver info: chromedriver=2.36.540471 (9c759b81a907e70363c6312294d30b6ccccc2752),platform=Linux 3.10.0-1127.8.2.el7.x86_64 x86_64) (WARNING: The server did not provide any stacktrace information)
Command duration or timeout: 0 milliseconds
For documentation on this error, please visit: http://seleniumhq.org/exceptions/no_such_element.html
Build info: version: '3.8.1', revision: '6e95a6684b', time: '2017-12-01T18:33:54.468Z'
System info: host: '63e1cb80174e', ip: '172.17.0.3', os.name: 'Linux', os.arch: 'amd64', os.version: '3.10.0-1127.8.2.el7.x86_64', java.version: '1.8.0_262'
Driver info: org.openqa.selenium.chrome.ChromeDriver
Capabilities {acceptInsecureCerts: false, acceptSslCerts: false, applicationCacheEnabled: false, browserConnectionEnabled: false, browserName: chrome, chrome: {chromedriverVersion: 2.36.540471 (9c759b81a907e7..., userDataDir: /tmp/.org.chromium.Chromium...}, cssSelectorsEnabled: true, databaseEnabled: false, handlesAlerts: true, hasTouchScreen: false, javascriptEnabled: true, locationContextEnabled: true, mobileEmulationEnabled: false, nativeEvents: true, networkConnectionEnabled: false, pageLoadStrategy: normal, platform: LINUX, platformName: LINUX, rotatable: false, setWindowRect: true, takesHeapSnapshot: true, takesScreenshot: true, unexpectedAlertBehaviour: , unhandledPromptBehavior: , version: 63.0.3239.132, webStorageEnabled: true}
Session ID: 46a9bdb9fc5e262d7824cd1ec51a5e15
*** Element info: {Using=id, value=navigation-button-pipelines}
	at sun.reflect.GeneratedConstructorAccessor14.newInstance(Unknown Source)
	at sun.reflect.DelegatingConstructorAccessorImpl.newInstance(DelegatingConstructorAccessorImpl.java:45)
	at java.lang.reflect.Constructor.newInstance(Constructor.java:423)
	at org.openqa.selenium.remote.ErrorHandler.createThrowable(ErrorHandler.java:214)
	at org.openqa.selenium.remote.ErrorHandler.throwIfResponseFailed(ErrorHandler.java:166)
	at org.openqa.selenium.remote.http.JsonHttpResponseCodec.reconstructValue(JsonHttpResponseCodec.java:40)
	at org.openqa.selenium.remote.http.AbstractHttpResponseCodec.decode(AbstractHttpResponseCodec.java:80)
	at org.openqa.selenium.remote.http.AbstractHttpResponseCodec.decode(AbstractHttpResponseCodec.java:44)
	at org.openqa.selenium.remote.HttpCommandExecutor.execute(HttpCommandExecutor.java:164)
	at org.openqa.selenium.remote.service.DriverCommandExecutor.execute(DriverCommandExecutor.java:83)
	at org.openqa.selenium.remote.RemoteWebDriver.execute(RemoteWebDriver.java:601)
	at org.openqa.selenium.remote.RemoteWebDriver.findElement(RemoteWebDriver.java:371)
	at org.openqa.selenium.remote.RemoteWebDriver.findElementById(RemoteWebDriver.java:417)
	at org.openqa.selenium.By$ById.findElement(By.java:218)
	at org.openqa.selenium.remote.RemoteWebDriver.findElement(RemoteWebDriver.java:363)
	at com.codeborne.selenide.impl.WebElementSelector.findElement(WebElementSelector.java:29)
	at com.codeborne.selenide.impl.ElementFinder.getWebElement(ElementFinder.java:56)
	at com.codeborne.selenide.impl.WebElementSource.checkCondition(WebElementSource.java:44)
	... 21 more
</pre>
</span>
</div>
<div class="test">
<a name="shouldFilterNodeByAddress - EPMCMBIBPC-276, EPMCMBIBPC-277"></a>
<h3 class="failures">shouldFilterNodeByAddress - EPMCMBIBPC-276, EPMCMBIBPC-277</h3>
<span class="code">
<pre>java.lang.AssertionError: expected [1] but found [4]
	at org.testng.Assert.fail(Assert.java:93)
	at org.testng.Assert.failNotEquals(Assert.java:512)
	at org.testng.Assert.assertEqualsImpl(Assert.java:134)
	at org.testng.Assert.assertEquals(Assert.java:115)
	at org.testng.Assert.assertEquals(Assert.java:388)
	at org.testng.Assert.assertEquals(Assert.java:398)
	at com.epam.pipeline.autotests.ClusterNodeTest.shouldFilterNodeByAddress(ClusterNodeTest.java:107)
	at sun.reflect.NativeMethodAccessorImpl.invoke0(Native Method)
	at sun.reflect.NativeMethodAccessorImpl.invoke(NativeMethodAccessorImpl.java:62)
	at sun.reflect.DelegatingMethodAccessorImpl.invoke(DelegatingMethodAccessorImpl.java:43)
	at java.lang.reflect.Method.invoke(Method.java:498)
	at org.testng.internal.MethodInvocationHelper.invokeMethod(MethodInvocationHelper.java:108)
	at org.testng.internal.Invoker.invokeMethod(Invoker.java:661)
	at org.testng.internal.Invoker.invokeTestMethod(Invoker.java:869)
	at org.testng.internal.Invoker.invokeTestMethods(Invoker.java:1193)
	at org.testng.internal.TestMethodWorker.invokeTestMethods(TestMethodWorker.java:126)
	at org.testng.internal.TestMethodWorker.run(TestMethodWorker.java:109)
	at java.util.concurrent.ThreadPoolExecutor.runWorker(ThreadPoolExecutor.java:1149)
	at java.util.concurrent.ThreadPoolExecutor$Worker.run(ThreadPoolExecutor.java:624)
	at java.lang.Thread.run(Thread.java:748)
</pre>
</span>
</div>
<div class="test">
<a name="shouldFilterNodeByLabel - EPMCMBIBPC-278, EPMCMBIBPC-279"></a>
<h3 class="failures">shouldFilterNodeByLabel - EPMCMBIBPC-278, EPMCMBIBPC-279</h3>
<span class="code">
<pre>java.lang.AssertionError: expected [1] but found [4]
	at org.testng.Assert.fail(Assert.java:93)
	at org.testng.Assert.failNotEquals(Assert.java:512)
	at org.testng.Assert.assertEqualsImpl(Assert.java:134)
	at org.testng.Assert.assertEquals(Assert.java:115)
	at org.testng.Assert.assertEquals(Assert.java:388)
	at org.testng.Assert.assertEquals(Assert.java:398)
	at com.epam.pipeline.autotests.ClusterNodeTest.shouldFilterNodeByLabel(ClusterNodeTest.java:125)
	at sun.reflect.NativeMethodAccessorImpl.invoke0(Native Method)
	at sun.reflect.NativeMethodAccessorImpl.invoke(NativeMethodAccessorImpl.java:62)
	at sun.reflect.DelegatingMethodAccessorImpl.invoke(DelegatingMethodAccessorImpl.java:43)
	at java.lang.reflect.Method.invoke(Method.java:498)
	at org.testng.internal.MethodInvocationHelper.invokeMethod(MethodInvocationHelper.java:108)
	at org.testng.internal.Invoker.invokeMethod(Invoker.java:661)
	at org.testng.internal.Invoker.invokeTestMethod(Invoker.java:869)
	at org.testng.internal.Invoker.invokeTestMethods(Invoker.java:1193)
	at org.testng.internal.TestMethodWorker.invokeTestMethods(TestMethodWorker.java:126)
	at org.testng.internal.TestMethodWorker.run(TestMethodWorker.java:109)
	at java.util.concurrent.ThreadPoolExecutor.runWorker(ThreadPoolExecutor.java:1149)
	at java.util.concurrent.ThreadPoolExecutor$Worker.run(ThreadPoolExecutor.java:624)
	at java.lang.Thread.run(Thread.java:748)
</pre>
</span>
</div>
<div class="test">
<a name="shouldTerminateNode - EPMCMBIBPC-270"></a>
<h3 class="failures">shouldTerminateNode - EPMCMBIBPC-270</h3>
<span class="code">
<pre>Element should not exist {by text: RUN ID 71928}
Element: '&lt;span class=&quot;cluster__node-label&quot; data-cloud-pipeline-role=&quot;false&quot; data-label=&quot;RUNID&quot; data-master=&quot;false&quot; data-pipeline-info=&quot;false&quot; data-pool=&quot;false&quot; data-run=&quot;true&quot; id=&quot;label-RUNID&quot;&gt;RUN ID 71928&lt;/span&gt;'
Screenshot: file:/headless/e2e/gui/build/reports/tests/1622455705911.62.png
Page source: file:/headless/e2e/gui/build/reports/tests/1622455705911.62.html
Timeout: 80 s.
	at com.codeborne.selenide.impl.WebElementSource.checkCondition(WebElementSource.java:63)
	at com.codeborne.selenide.commands.ShouldNot.shouldNot(ShouldNot.java:36)
	at com.codeborne.selenide.commands.ShouldNot.execute(ShouldNot.java:29)
	at com.codeborne.selenide.commands.ShouldNot.execute(ShouldNot.java:12)
	at com.codeborne.selenide.commands.Commands.execute(Commands.java:144)
	at com.codeborne.selenide.impl.SelenideElementProxy.dispatchAndRetry(SelenideElementProxy.java:87)
	at com.codeborne.selenide.impl.SelenideElementProxy.invoke(SelenideElementProxy.java:63)
	at com.sun.proxy.$Proxy15.shouldNot(Unknown Source)
	at com.epam.pipeline.autotests.ao.ClusterMenuAO.validateThereIsNoNode(ClusterMenuAO.java:184)
	at com.epam.pipeline.autotests.ClusterNodeTest.shouldTerminateNode(ClusterNodeTest.java:140)
	at sun.reflect.NativeMethodAccessorImpl.invoke0(Native Method)
	at sun.reflect.NativeMethodAccessorImpl.invoke(NativeMethodAccessorImpl.java:62)
	at sun.reflect.DelegatingMethodAccessorImpl.invoke(DelegatingMethodAccessorImpl.java:43)
	at java.lang.reflect.Method.invoke(Method.java:498)
	at org.testng.internal.MethodInvocationHelper.invokeMethod(MethodInvocationHelper.java:108)
	at org.testng.internal.Invoker.invokeMethod(Invoker.java:661)
	at org.testng.internal.Invoker.invokeTestMethod(Invoker.java:869)
	at org.testng.internal.Invoker.invokeTestMethods(Invoker.java:1193)
	at org.testng.internal.TestMethodWorker.invokeTestMethods(TestMethodWorker.java:126)
	at org.testng.internal.TestMethodWorker.run(TestMethodWorker.java:109)
	at java.util.concurrent.ThreadPoolExecutor.runWorker(ThreadPoolExecutor.java:1149)
	at java.util.concurrent.ThreadPoolExecutor$Worker.run(ThreadPoolExecutor.java:624)
	at java.lang.Thread.run(Thread.java:748)
</pre>
</span>
</div>
</div>
<div id="tab1" class="tab">
<h2>Tests</h2>
<table>
<thead>
<tr>
<th>Test</th>
<th>Duration</th>
<th>Result</th>
</tr>
</thead>
<tr>
<td class="success">nodesSortingDecreaseByDateShouldBeValid - EPMCMBIBPC-271</td>
<td>0.749s</td>
<td class="success">passed</td>
</tr>
<tr>
<td class="failures">nodesSortingDecreaseByLabelShouldBeValid - EPMCMBIBPC-275</td>
<td>1.541s</td>
<td class="failures">failed</td>
</tr>
<tr>
<td class="success">nodesSortingDecreaseByNameShouldBeValid - EPMCMBIBPC-273</td>
<td>0.649s</td>
<td class="success">passed</td>
</tr>
<tr>
<td class="success">nodesSortingIncreaseByDateShouldBeValid - EPMCMBIBPC-269</td>
<td>1.853s</td>
<td class="success">passed</td>
</tr>
<tr>
<td class="success">nodesSortingIncreaseByLabelShouldBeValid - EPMCMBIBPC-274</td>
<td>1.652s</td>
<td class="success">passed</td>
</tr>
<tr>
<td class="success">nodesSortingIncreaseByNameShouldBeValid - EPMCMBIBPC-272</td>
<td>0.703s</td>
<td class="success">passed</td>
</tr>
<tr>
<td class="failures">removePipeline</td>
<td>1m20.40s</td>
<td class="failures">failed</td>
</tr>
<tr>
<td class="failures">shouldFilterNodeByAddress - EPMCMBIBPC-276, EPMCMBIBPC-277</td>
<td>2.755s</td>
<td class="failures">failed</td>
</tr>
<tr>
<td class="failures">shouldFilterNodeByLabel - EPMCMBIBPC-278, EPMCMBIBPC-279</td>
<td>2.601s</td>
<td class="failures">failed</td>
</tr>
<tr>
<td class="failures">shouldTerminateNode - EPMCMBIBPC-270</td>
<td>1m31.01s</td>
<td class="failures">failed</td>
</tr>
<tr>
<td class="success">startAndStopPipelineAfterNodeAppear - EPMCMBIBPC-270</td>
<td>3m4.54s</td>
<td class="success">passed</td>
</tr>
</table>
</div>
</div>
<div id="footer">
<p>
<div>
<label class="hidden" id="label-for-line-wrapping-toggle" for="line-wrapping-toggle">Wrap lines
<input id="line-wrapping-toggle" type="checkbox" autocomplete="off"/>
</label>
</div>Generated by 
<a href="http://www.gradle.org">Gradle 3.4.1</a> at May 31, 2021 3:15:29 PM</p>
</div>
</div>
</body>
</html>
