<!DOCTYPE html>
<html>
<head>
<meta http-equiv="Content-Type" content="text/html; charset=utf-8"/>
<meta http-equiv="x-ua-compatible" content="IE=edge"/>
<title>Test results - Class com.epam.pipeline.autotests.NfsDataStorageTest</title>
<link href="../css/base-style.css" rel="stylesheet" type="text/css"/>
<link href="../css/style.css" rel="stylesheet" type="text/css"/>
<script src="../js/report.js" type="text/javascript"></script>
</head>
<body>
<div id="content">
<h1>Class com.epam.pipeline.autotests.NfsDataStorageTest</h1>
<div class="breadcrumbs">
<a href="../index.html">all</a> &gt; 
<a href="../packages/com.epam.pipeline.autotests.html">com.epam.pipeline.autotests</a> &gt; NfsDataStorageTest</div>
<div id="summary">
<table>
<tr>
<td>
<div class="summaryGroup">
<table>
<tr>
<td>
<div class="infoBox" id="tests">
<div class="counter">20</div>
<p>tests</p>
</div>
</td>
<td>
<div class="infoBox" id="failures">
<div class="counter">8</div>
<p>failures</p>
</div>
</td>
<td>
<div class="infoBox" id="ignored">
<div class="counter">12</div>
<p>ignored</p>
</div>
</td>
<td>
<div class="infoBox" id="duration">
<div class="counter">10m57.93s</div>
<p>duration</p>
</div>
</td>
</tr>
</table>
</div>
</td>
<td>
<div class="infoBox failures" id="successRate">
<div class="percent">0%</div>
<p>successful</p>
</div>
</td>
</tr>
</table>
</div>
<div id="tabs">
<ul class="tabLinks">
<li>
<a href="#tab0">Failed tests</a>
</li>
<li>
<a href="#tab1">Tests</a>
</li>
</ul>
<div id="tab0" class="tab">
<h2>Failed tests</h2>
<div class="test">
<a name="createNfsMountAndValidate - EPMCMBIBPC-2274"></a>
<h3 class="failures">createNfsMountAndValidate - EPMCMBIBPC-2274</h3>
<span class="code">
<pre>Element not found {By.id: create-button}
Expected: exist
Screenshot: file:/headless/e2e/gui/build/reports/tests/1637359354875.8.png
Page source: file:/headless/e2e/gui/build/reports/tests/1637359354875.8.html
Timeout: 80 s.
Caused by: WebDriverException: unknown error: Element &lt;button id=&quot;create-button&quot; type=&quot;button&quot; class=&quot;ant-btn ant-btn-primary ant-btn-sm&quot;&gt;...&lt;/button&gt; is not clickable at point (1161, 31). Other element would receive the click: &lt;span class=&quot;system-notification__title&quot; style=&quot;flex: 1 1 0%;&quot;&gt;...&lt;/span&gt;
	at com.codeborne.selenide.impl.WebElementSource.createElementNotFoundError(WebElementSource.java:31)
	at com.codeborne.selenide.impl.ElementFinder.createElementNotFoundError(ElementFinder.java:82)
	at com.codeborne.selenide.impl.SelenideElementProxy.dispatchAndRetry(SelenideElementProxy.java:116)
	at com.codeborne.selenide.impl.SelenideElementProxy.invoke(SelenideElementProxy.java:63)
	at com.sun.proxy.$Proxy15.click(Unknown Source)
	at com.epam.pipeline.autotests.ao.AccessObject.click(AccessObject.java:100)
	at com.epam.pipeline.autotests.ao.PipelinesLibraryAO.clickOnCreateNfsMountButton(PipelinesLibraryAO.java:214)
	at com.epam.pipeline.autotests.ao.PipelinesLibraryAO.createNfsMountWithDescription(PipelinesLibraryAO.java:205)
	at com.epam.pipeline.autotests.NfsDataStorageTest.createNfsMountAndValidate(NfsDataStorageTest.java:78)
	at sun.reflect.NativeMethodAccessorImpl.invoke0(Native Method)
	at sun.reflect.NativeMethodAccessorImpl.invoke(NativeMethodAccessorImpl.java:62)
	at sun.reflect.DelegatingMethodAccessorImpl.invoke(DelegatingMethodAccessorImpl.java:43)
	at java.lang.reflect.Method.invoke(Method.java:498)
	at org.testng.internal.MethodInvocationHelper.invokeMethod(MethodInvocationHelper.java:108)
	at org.testng.internal.Invoker.invokeMethod(Invoker.java:661)
	at org.testng.internal.Invoker.invokeTestMethod(Invoker.java:869)
	at org.testng.internal.Invoker.invokeTestMethods(Invoker.java:1193)
	at org.testng.internal.TestMethodWorker.invokeTestMethods(TestMethodWorker.java:126)
	at org.testng.internal.TestMethodWorker.run(TestMethodWorker.java:109)
	at java.util.concurrent.ThreadPoolExecutor.runWorker(ThreadPoolExecutor.java:1149)
	at java.util.concurrent.ThreadPoolExecutor$Worker.run(ThreadPoolExecutor.java:624)
	at java.lang.Thread.run(Thread.java:748)
Caused by: org.openqa.selenium.WebDriverException: unknown error: Element &lt;button id=&quot;create-button&quot; type=&quot;button&quot; class=&quot;ant-btn ant-btn-primary ant-btn-sm&quot;&gt;...&lt;/button&gt; is not clickable at point (1161, 31). Other element would receive the click: &lt;span class=&quot;system-notification__title&quot; style=&quot;flex: 1 1 0%;&quot;&gt;...&lt;/span&gt;
  (Session info: chrome=63.0.3239.132)
  (Driver info: chromedriver=2.36.540471 (9c759b81a907e70363c6312294d30b6ccccc2752),platform=Linux 3.10.0-1127.8.2.el7.x86_64 x86_64) (WARNING: The server did not provide any stacktrace information)
Command duration or timeout: 0 milliseconds
Build info: version: '3.8.1', revision: '6e95a6684b', time: '2017-12-01T18:33:54.468Z'
System info: host: '0ff34afafe76', ip: '172.17.0.4', os.name: 'Linux', os.arch: 'amd64', os.version: '3.10.0-1127.8.2.el7.x86_64', java.version: '1.8.0_262'
Driver info: org.openqa.selenium.chrome.ChromeDriver
Capabilities {acceptInsecureCerts: false, acceptSslCerts: false, applicationCacheEnabled: false, browserConnectionEnabled: false, browserName: chrome, chrome: {chromedriverVersion: 2.36.540471 (9c759b81a907e7..., userDataDir: /tmp/.org.chromium.Chromium...}, cssSelectorsEnabled: true, databaseEnabled: false, handlesAlerts: true, hasTouchScreen: false, javascriptEnabled: true, locationContextEnabled: true, mobileEmulationEnabled: false, nativeEvents: true, networkConnectionEnabled: false, pageLoadStrategy: normal, platform: LINUX, platformName: LINUX, rotatable: false, setWindowRect: true, takesHeapSnapshot: true, takesScreenshot: true, unexpectedAlertBehaviour: , unhandledPromptBehavior: , version: 63.0.3239.132, webStorageEnabled: true}
Session ID: dcc6fb4c7de5cb187430b117da1c4653
	at sun.reflect.GeneratedConstructorAccessor15.newInstance(Unknown Source)
	at sun.reflect.DelegatingConstructorAccessorImpl.newInstance(DelegatingConstructorAccessorImpl.java:45)
	at java.lang.reflect.Constructor.newInstance(Constructor.java:423)
	at org.openqa.selenium.remote.ErrorHandler.createThrowable(ErrorHandler.java:214)
	at org.openqa.selenium.remote.ErrorHandler.throwIfResponseFailed(ErrorHandler.java:166)
	at org.openqa.selenium.remote.http.JsonHttpResponseCodec.reconstructValue(JsonHttpResponseCodec.java:40)
	at org.openqa.selenium.remote.http.AbstractHttpResponseCodec.decode(AbstractHttpResponseCodec.java:80)
	at org.openqa.selenium.remote.http.AbstractHttpResponseCodec.decode(AbstractHttpResponseCodec.java:44)
	at org.openqa.selenium.remote.HttpCommandExecutor.execute(HttpCommandExecutor.java:164)
	at org.openqa.selenium.remote.service.DriverCommandExecutor.execute(DriverCommandExecutor.java:83)
	at org.openqa.selenium.remote.RemoteWebDriver.execute(RemoteWebDriver.java:601)
	at org.openqa.selenium.remote.RemoteWebElement.execute(RemoteWebElement.java:279)
	at org.openqa.selenium.remote.RemoteWebElement.click(RemoteWebElement.java:83)
	at com.codeborne.selenide.commands.Click.click(Click.java:29)
	at com.codeborne.selenide.commands.Click.execute(Click.java:16)
	at com.codeborne.selenide.commands.Click.execute(Click.java:12)
	at com.codeborne.selenide.commands.Commands.execute(Commands.java:144)
	at com.codeborne.selenide.impl.SelenideElementProxy.dispatchAndRetry(SelenideElementProxy.java:87)
	... 19 more
</pre>
</span>
</div>
<div class="test">
<a name="createNfsMountWithSpacesAndValidate - EPMCMBIBPC-2603"></a>
<h3 class="failures">createNfsMountWithSpacesAndValidate - EPMCMBIBPC-2603</h3>
<span class="code">
<pre>Element not found {By.id: create-button}
Expected: exist
Screenshot: file:/headless/e2e/gui/build/reports/tests/1637359845369.14.png
Page source: file:/headless/e2e/gui/build/reports/tests/1637359845369.14.html
Timeout: 80 s.
Caused by: WebDriverException: unknown error: Element &lt;button id=&quot;create-button&quot; type=&quot;button&quot; class=&quot;ant-btn ant-btn-primary ant-btn-sm&quot;&gt;...&lt;/button&gt; is not clickable at point (1161, 31). Other element would receive the click: &lt;span class=&quot;system-notification__title&quot; style=&quot;flex: 1 1 0%;&quot;&gt;...&lt;/span&gt;
	at com.codeborne.selenide.impl.WebElementSource.createElementNotFoundError(WebElementSource.java:31)
	at com.codeborne.selenide.impl.ElementFinder.createElementNotFoundError(ElementFinder.java:82)
	at com.codeborne.selenide.impl.SelenideElementProxy.dispatchAndRetry(SelenideElementProxy.java:116)
	at com.codeborne.selenide.impl.SelenideElementProxy.invoke(SelenideElementProxy.java:63)
	at com.sun.proxy.$Proxy15.click(Unknown Source)
	at com.epam.pipeline.autotests.ao.AccessObject.click(AccessObject.java:100)
	at com.epam.pipeline.autotests.ao.PipelinesLibraryAO.clickOnCreateNfsMountButton(PipelinesLibraryAO.java:214)
	at com.epam.pipeline.autotests.ao.PipelinesLibraryAO.createNfsMountWithDescription(PipelinesLibraryAO.java:205)
	at com.epam.pipeline.autotests.NfsDataStorageTest.createNfsMountWithSpacesAndValidate(NfsDataStorageTest.java:335)
	at sun.reflect.NativeMethodAccessorImpl.invoke0(Native Method)
	at sun.reflect.NativeMethodAccessorImpl.invoke(NativeMethodAccessorImpl.java:62)
	at sun.reflect.DelegatingMethodAccessorImpl.invoke(DelegatingMethodAccessorImpl.java:43)
	at java.lang.reflect.Method.invoke(Method.java:498)
	at org.testng.internal.MethodInvocationHelper.invokeMethod(MethodInvocationHelper.java:108)
	at org.testng.internal.Invoker.invokeMethod(Invoker.java:661)
	at org.testng.internal.Invoker.invokeTestMethod(Invoker.java:869)
	at org.testng.internal.Invoker.invokeTestMethods(Invoker.java:1193)
	at org.testng.internal.TestMethodWorker.invokeTestMethods(TestMethodWorker.java:126)
	at org.testng.internal.TestMethodWorker.run(TestMethodWorker.java:109)
	at java.util.concurrent.ThreadPoolExecutor.runWorker(ThreadPoolExecutor.java:1149)
	at java.util.concurrent.ThreadPoolExecutor$Worker.run(ThreadPoolExecutor.java:624)
	at java.lang.Thread.run(Thread.java:748)
Caused by: org.openqa.selenium.WebDriverException: unknown error: Element &lt;button id=&quot;create-button&quot; type=&quot;button&quot; class=&quot;ant-btn ant-btn-primary ant-btn-sm&quot;&gt;...&lt;/button&gt; is not clickable at point (1161, 31). Other element would receive the click: &lt;span class=&quot;system-notification__title&quot; style=&quot;flex: 1 1 0%;&quot;&gt;...&lt;/span&gt;
  (Session info: chrome=63.0.3239.132)
  (Driver info: chromedriver=2.36.540471 (9c759b81a907e70363c6312294d30b6ccccc2752),platform=Linux 3.10.0-1127.8.2.el7.x86_64 x86_64) (WARNING: The server did not provide any stacktrace information)
Command duration or timeout: 0 milliseconds
Build info: version: '3.8.1', revision: '6e95a6684b', time: '2017-12-01T18:33:54.468Z'
System info: host: '0ff34afafe76', ip: '172.17.0.4', os.name: 'Linux', os.arch: 'amd64', os.version: '3.10.0-1127.8.2.el7.x86_64', java.version: '1.8.0_262'
Driver info: org.openqa.selenium.chrome.ChromeDriver
Capabilities {acceptInsecureCerts: false, acceptSslCerts: false, applicationCacheEnabled: false, browserConnectionEnabled: false, browserName: chrome, chrome: {chromedriverVersion: 2.36.540471 (9c759b81a907e7..., userDataDir: /tmp/.org.chromium.Chromium...}, cssSelectorsEnabled: true, databaseEnabled: false, handlesAlerts: true, hasTouchScreen: false, javascriptEnabled: true, locationContextEnabled: true, mobileEmulationEnabled: false, nativeEvents: true, networkConnectionEnabled: false, pageLoadStrategy: normal, platform: LINUX, platformName: LINUX, rotatable: false, setWindowRect: true, takesHeapSnapshot: true, takesScreenshot: true, unexpectedAlertBehaviour: , unhandledPromptBehavior: , version: 63.0.3239.132, webStorageEnabled: true}
Session ID: dcc6fb4c7de5cb187430b117da1c4653
	at sun.reflect.GeneratedConstructorAccessor15.newInstance(Unknown Source)
	at sun.reflect.DelegatingConstructorAccessorImpl.newInstance(DelegatingConstructorAccessorImpl.java:45)
	at java.lang.reflect.Constructor.newInstance(Constructor.java:423)
	at org.openqa.selenium.remote.ErrorHandler.createThrowable(ErrorHandler.java:214)
	at org.openqa.selenium.remote.ErrorHandler.throwIfResponseFailed(ErrorHandler.java:166)
	at org.openqa.selenium.remote.http.JsonHttpResponseCodec.reconstructValue(JsonHttpResponseCodec.java:40)
	at org.openqa.selenium.remote.http.AbstractHttpResponseCodec.decode(AbstractHttpResponseCodec.java:80)
	at org.openqa.selenium.remote.http.AbstractHttpResponseCodec.decode(AbstractHttpResponseCodec.java:44)
	at org.openqa.selenium.remote.HttpCommandExecutor.execute(HttpCommandExecutor.java:164)
	at org.openqa.selenium.remote.service.DriverCommandExecutor.execute(DriverCommandExecutor.java:83)
	at org.openqa.selenium.remote.RemoteWebDriver.execute(RemoteWebDriver.java:601)
	at org.openqa.selenium.remote.RemoteWebElement.execute(RemoteWebElement.java:279)
	at org.openqa.selenium.remote.RemoteWebElement.click(RemoteWebElement.java:83)
	at com.codeborne.selenide.commands.Click.click(Click.java:29)
	at com.codeborne.selenide.commands.Click.execute(Click.java:16)
	at com.codeborne.selenide.commands.Click.execute(Click.java:12)
	at com.codeborne.selenide.commands.Commands.execute(Commands.java:144)
	at com.codeborne.selenide.impl.SelenideElementProxy.dispatchAndRetry(SelenideElementProxy.java:87)
	... 19 more
</pre>
</span>
</div>
<div class="test">
<a name="editFileName - EPMCMBIBPC-2600"></a>
<h3 class="failures">editFileName - EPMCMBIBPC-2600</h3>
<span class="code">
<pre>Element not found {title of a By.xpath: .//li[contains(@class, 'pipelines-library-tree-node') and ./span[contains(., 'epmcmbi-test-nfs-4602929483595195524')]]}
Expected: visible
Screenshot: file:/headless/e2e/gui/build/reports/tests/1637359516735.10.png
Page source: file:/headless/e2e/gui/build/reports/tests/1637359516735.10.html
Timeout: 80 s.
Caused by: NoSuchElementException: Cannot locate an element using title of a By.xpath: .//li[contains(@class, 'pipelines-library-tree-node') and ./span[contains(., 'epmcmbi-test-nfs-4602929483595195524')]]
	at com.codeborne.selenide.impl.WebElementSource.createElementNotFoundError(WebElementSource.java:31)
	at com.codeborne.selenide.impl.ElementFinder.createElementNotFoundError(ElementFinder.java:82)
	at com.codeborne.selenide.impl.WebElementSource.checkCondition(WebElementSource.java:59)
	at com.codeborne.selenide.commands.Should.should(Should.java:35)
	at com.codeborne.selenide.commands.Should.execute(Should.java:29)
	at com.codeborne.selenide.commands.Should.execute(Should.java:12)
	at com.codeborne.selenide.commands.Commands.execute(Commands.java:144)
	at com.codeborne.selenide.impl.SelenideElementProxy.dispatchAndRetry(SelenideElementProxy.java:87)
	at com.codeborne.selenide.impl.SelenideElementProxy.invoke(SelenideElementProxy.java:63)
	at com.sun.proxy.$Proxy15.shouldBe(Unknown Source)
	at com.epam.pipeline.autotests.ao.PipelinesLibraryAO.cd(PipelinesLibraryAO.java:156)
	at com.epam.pipeline.autotests.ao.PipelinesLibraryAO.selectStorage(PipelinesLibraryAO.java:238)
	at com.epam.pipeline.autotests.NfsDataStorageTest.editFileName(NfsDataStorageTest.java:193)
	at sun.reflect.NativeMethodAccessorImpl.invoke0(Native Method)
	at sun.reflect.NativeMethodAccessorImpl.invoke(NativeMethodAccessorImpl.java:62)
	at sun.reflect.DelegatingMethodAccessorImpl.invoke(DelegatingMethodAccessorImpl.java:43)
	at java.lang.reflect.Method.invoke(Method.java:498)
	at org.testng.internal.MethodInvocationHelper.invokeMethod(MethodInvocationHelper.java:108)
	at org.testng.internal.Invoker.invokeMethod(Invoker.java:661)
	at org.testng.internal.Invoker.invokeTestMethod(Invoker.java:869)
	at org.testng.internal.Invoker.invokeTestMethods(Invoker.java:1193)
	at org.testng.internal.TestMethodWorker.invokeTestMethods(TestMethodWorker.java:126)
	at org.testng.internal.TestMethodWorker.run(TestMethodWorker.java:109)
	at java.util.concurrent.ThreadPoolExecutor.runWorker(ThreadPoolExecutor.java:1149)
	at java.util.concurrent.ThreadPoolExecutor$Worker.run(ThreadPoolExecutor.java:624)
	at java.lang.Thread.run(Thread.java:748)
Caused by: org.openqa.selenium.NoSuchElementException: Cannot locate an element using title of a By.xpath: .//li[contains(@class, 'pipelines-library-tree-node') and ./span[contains(., 'epmcmbi-test-nfs-4602929483595195524')]]
For documentation on this error, please visit: http://seleniumhq.org/exceptions/no_such_element.html
Build info: version: '3.8.1', revision: '6e95a6684b', time: '2017-12-01T18:33:54.468Z'
System info: host: '0ff34afafe76', ip: '172.17.0.4', os.name: 'Linux', os.arch: 'amd64', os.version: '3.10.0-1127.8.2.el7.x86_64', java.version: '1.8.0_262'
Driver info: driver.version: unknown
	at org.openqa.selenium.By.findElement(By.java:162)
	at org.openqa.selenium.remote.RemoteWebElement.findElement(RemoteWebElement.java:175)
	at com.codeborne.selenide.impl.WebElementSelector.findElement(WebElementSelector.java:29)
	at com.codeborne.selenide.impl.ElementFinder.getWebElement(ElementFinder.java:56)
	at com.codeborne.selenide.impl.WebElementSource.checkCondition(WebElementSource.java:44)
	... 23 more
</pre>
</span>
</div>
<div class="test">
<a name="editFolderName - EPMCMBIBPC-2599"></a>
<h3 class="failures">editFolderName - EPMCMBIBPC-2599</h3>
<span class="code">
<pre>Element not found {title of a By.xpath: .//li[contains(@class, 'pipelines-library-tree-node') and ./span[contains(., 'epmcmbi-test-nfs-4602929483595195524')]]}
Expected: visible
Screenshot: file:/headless/e2e/gui/build/reports/tests/1637359435772.9.png
Page source: file:/headless/e2e/gui/build/reports/tests/1637359435772.9.html
Timeout: 80 s.
Caused by: NoSuchElementException: Cannot locate an element using title of a By.xpath: .//li[contains(@class, 'pipelines-library-tree-node') and ./span[contains(., 'epmcmbi-test-nfs-4602929483595195524')]]
	at com.codeborne.selenide.impl.WebElementSource.createElementNotFoundError(WebElementSource.java:31)
	at com.codeborne.selenide.impl.ElementFinder.createElementNotFoundError(ElementFinder.java:82)
	at com.codeborne.selenide.impl.WebElementSource.checkCondition(WebElementSource.java:59)
	at com.codeborne.selenide.commands.Should.should(Should.java:35)
	at com.codeborne.selenide.commands.Should.execute(Should.java:29)
	at com.codeborne.selenide.commands.Should.execute(Should.java:12)
	at com.codeborne.selenide.commands.Commands.execute(Commands.java:144)
	at com.codeborne.selenide.impl.SelenideElementProxy.dispatchAndRetry(SelenideElementProxy.java:87)
	at com.codeborne.selenide.impl.SelenideElementProxy.invoke(SelenideElementProxy.java:63)
	at com.sun.proxy.$Proxy15.shouldBe(Unknown Source)
	at com.epam.pipeline.autotests.ao.PipelinesLibraryAO.cd(PipelinesLibraryAO.java:156)
	at com.epam.pipeline.autotests.ao.PipelinesLibraryAO.selectStorage(PipelinesLibraryAO.java:238)
	at com.epam.pipeline.autotests.NfsDataStorageTest.editFolderName(NfsDataStorageTest.java:177)
	at sun.reflect.NativeMethodAccessorImpl.invoke0(Native Method)
	at sun.reflect.NativeMethodAccessorImpl.invoke(NativeMethodAccessorImpl.java:62)
	at sun.reflect.DelegatingMethodAccessorImpl.invoke(DelegatingMethodAccessorImpl.java:43)
	at java.lang.reflect.Method.invoke(Method.java:498)
	at org.testng.internal.MethodInvocationHelper.invokeMethod(MethodInvocationHelper.java:108)
	at org.testng.internal.Invoker.invokeMethod(Invoker.java:661)
	at org.testng.internal.Invoker.invokeTestMethod(Invoker.java:869)
	at org.testng.internal.Invoker.invokeTestMethods(Invoker.java:1193)
	at org.testng.internal.TestMethodWorker.invokeTestMethods(TestMethodWorker.java:126)
	at org.testng.internal.TestMethodWorker.run(TestMethodWorker.java:109)
	at java.util.concurrent.ThreadPoolExecutor.runWorker(ThreadPoolExecutor.java:1149)
	at java.util.concurrent.ThreadPoolExecutor$Worker.run(ThreadPoolExecutor.java:624)
	at java.lang.Thread.run(Thread.java:748)
Caused by: org.openqa.selenium.NoSuchElementException: Cannot locate an element using title of a By.xpath: .//li[contains(@class, 'pipelines-library-tree-node') and ./span[contains(., 'epmcmbi-test-nfs-4602929483595195524')]]
For documentation on this error, please visit: http://seleniumhq.org/exceptions/no_such_element.html
Build info: version: '3.8.1', revision: '6e95a6684b', time: '2017-12-01T18:33:54.468Z'
System info: host: '0ff34afafe76', ip: '172.17.0.4', os.name: 'Linux', os.arch: 'amd64', os.version: '3.10.0-1127.8.2.el7.x86_64', java.version: '1.8.0_262'
Driver info: driver.version: unknown
	at org.openqa.selenium.By.findElement(By.java:162)
	at org.openqa.selenium.remote.RemoteWebElement.findElement(RemoteWebElement.java:175)
	at com.codeborne.selenide.impl.WebElementSelector.findElement(WebElementSelector.java:29)
	at com.codeborne.selenide.impl.ElementFinder.getWebElement(ElementFinder.java:56)
	at com.codeborne.selenide.impl.WebElementSource.checkCondition(WebElementSource.java:44)
	... 23 more
</pre>
</span>
</div>
<div class="test">
<a name="removeStorages"></a>
<h3 class="failures">removeStorages</h3>
<span class="code">
<pre>Element not found {title of a By.xpath: .//li[contains(@class, 'pipelines-library-tree-node') and ./span[contains(., 'epmcmbi-test-deletable-nfs-4599347143830681180')]]}
Expected: visible
Screenshot: file:/headless/e2e/gui/build/reports/tests/1637359929841.15.png
Page source: file:/headless/e2e/gui/build/reports/tests/1637359929841.15.html
Timeout: 80 s.
Caused by: NoSuchElementException: Cannot locate an element using title of a By.xpath: .//li[contains(@class, 'pipelines-library-tree-node') and ./span[contains(., 'epmcmbi-test-deletable-nfs-4599347143830681180')]]
	at com.codeborne.selenide.impl.WebElementSource.createElementNotFoundError(WebElementSource.java:31)
	at com.codeborne.selenide.impl.ElementFinder.createElementNotFoundError(ElementFinder.java:82)
	at com.codeborne.selenide.impl.WebElementSource.checkCondition(WebElementSource.java:59)
	at com.codeborne.selenide.commands.Should.should(Should.java:35)
	at com.codeborne.selenide.commands.Should.execute(Should.java:29)
	at com.codeborne.selenide.commands.Should.execute(Should.java:12)
	at com.codeborne.selenide.commands.Commands.execute(Commands.java:144)
	at com.codeborne.selenide.impl.SelenideElementProxy.dispatchAndRetry(SelenideElementProxy.java:87)
	at com.codeborne.selenide.impl.SelenideElementProxy.invoke(SelenideElementProxy.java:63)
	at com.sun.proxy.$Proxy15.shouldBe(Unknown Source)
	at com.epam.pipeline.autotests.ao.PipelinesLibraryAO.cd(PipelinesLibraryAO.java:156)
	at com.epam.pipeline.autotests.ao.PipelinesLibraryAO.selectStorage(PipelinesLibraryAO.java:238)
	at com.epam.pipeline.autotests.NfsDataStorageTest.lambda$removeStorages$0(NfsDataStorageTest.java:63)
	at java.util.Spliterators$ArraySpliterator.forEachRemaining(Spliterators.java:948)
	at java.util.stream.ReferencePipeline$Head.forEach(ReferencePipeline.java:647)
	at com.epam.pipeline.autotests.NfsDataStorageTest.removeStorages(NfsDataStorageTest.java:61)
	at sun.reflect.NativeMethodAccessorImpl.invoke0(Native Method)
	at sun.reflect.NativeMethodAccessorImpl.invoke(NativeMethodAccessorImpl.java:62)
	at sun.reflect.DelegatingMethodAccessorImpl.invoke(DelegatingMethodAccessorImpl.java:43)
	at java.lang.reflect.Method.invoke(Method.java:498)
	at org.testng.internal.MethodInvocationHelper.invokeMethod(MethodInvocationHelper.java:108)
	at org.testng.internal.Invoker.invokeConfigurationMethod(Invoker.java:523)
	at org.testng.internal.Invoker.invokeConfigurations(Invoker.java:224)
	at org.testng.internal.Invoker.invokeConfigurations(Invoker.java:146)
	at org.testng.internal.TestMethodWorker.invokeAfterClassMethods(TestMethodWorker.java:212)
	at org.testng.internal.TestMethodWorker.run(TestMethodWorker.java:112)
	at java.util.concurrent.ThreadPoolExecutor.runWorker(ThreadPoolExecutor.java:1149)
	at java.util.concurrent.ThreadPoolExecutor$Worker.run(ThreadPoolExecutor.java:624)
	at java.lang.Thread.run(Thread.java:748)
Caused by: org.openqa.selenium.NoSuchElementException: Cannot locate an element using title of a By.xpath: .//li[contains(@class, 'pipelines-library-tree-node') and ./span[contains(., 'epmcmbi-test-deletable-nfs-4599347143830681180')]]
For documentation on this error, please visit: http://seleniumhq.org/exceptions/no_such_element.html
Build info: version: '3.8.1', revision: '6e95a6684b', time: '2017-12-01T18:33:54.468Z'
System info: host: '0ff34afafe76', ip: '172.17.0.4', os.name: 'Linux', os.arch: 'amd64', os.version: '3.10.0-1127.8.2.el7.x86_64', java.version: '1.8.0_262'
Driver info: driver.version: unknown
	at org.openqa.selenium.By.findElement(By.java:162)
	at org.openqa.selenium.remote.RemoteWebElement.findElement(RemoteWebElement.java:175)
	at com.codeborne.selenide.impl.WebElementSelector.findElement(WebElementSelector.java:29)
	at com.codeborne.selenide.impl.ElementFinder.getWebElement(ElementFinder.java:56)
	at com.codeborne.selenide.impl.WebElementSource.checkCondition(WebElementSource.java:44)
	... 26 more
</pre>
</span>
</div>
<div class="test">
<a name="validateOfNfsMountUnregister - EPMCMBIBPC-2307"></a>
<h3 class="failures">validateOfNfsMountUnregister - EPMCMBIBPC-2307</h3>
<span class="code">
<pre>Element not found {By.id: create-button}
Expected: exist
Screenshot: file:/headless/e2e/gui/build/reports/tests/1637359598867.11.png
Page source: file:/headless/e2e/gui/build/reports/tests/1637359598867.11.html
Timeout: 80 s.
Caused by: WebDriverException: unknown error: Element &lt;button id=&quot;create-button&quot; type=&quot;button&quot; class=&quot;ant-btn ant-btn-primary ant-btn-sm&quot;&gt;...&lt;/button&gt; is not clickable at point (1161, 31). Other element would receive the click: &lt;span class=&quot;system-notification__title&quot; style=&quot;flex: 1 1 0%;&quot;&gt;...&lt;/span&gt;
	at com.codeborne.selenide.impl.WebElementSource.createElementNotFoundError(WebElementSource.java:31)
	at com.codeborne.selenide.impl.ElementFinder.createElementNotFoundError(ElementFinder.java:82)
	at com.codeborne.selenide.impl.SelenideElementProxy.dispatchAndRetry(SelenideElementProxy.java:116)
	at com.codeborne.selenide.impl.SelenideElementProxy.invoke(SelenideElementProxy.java:63)
	at com.sun.proxy.$Proxy15.click(Unknown Source)
	at com.epam.pipeline.autotests.ao.AccessObject.click(AccessObject.java:100)
	at com.epam.pipeline.autotests.ao.PipelinesLibraryAO.clickOnCreateNfsMountButton(PipelinesLibraryAO.java:214)
	at com.epam.pipeline.autotests.ao.PipelinesLibraryAO.createNfsMountWithDescription(PipelinesLibraryAO.java:205)
	at com.epam.pipeline.autotests.NfsDataStorageTest.validateOfNfsMountUnregister(NfsDataStorageTest.java:282)
	at sun.reflect.NativeMethodAccessorImpl.invoke0(Native Method)
	at sun.reflect.NativeMethodAccessorImpl.invoke(NativeMethodAccessorImpl.java:62)
	at sun.reflect.DelegatingMethodAccessorImpl.invoke(DelegatingMethodAccessorImpl.java:43)
	at java.lang.reflect.Method.invoke(Method.java:498)
	at org.testng.internal.MethodInvocationHelper.invokeMethod(MethodInvocationHelper.java:108)
	at org.testng.internal.Invoker.invokeMethod(Invoker.java:661)
	at org.testng.internal.Invoker.invokeTestMethod(Invoker.java:869)
	at org.testng.internal.Invoker.invokeTestMethods(Invoker.java:1193)
	at org.testng.internal.TestMethodWorker.invokeTestMethods(TestMethodWorker.java:126)
	at org.testng.internal.TestMethodWorker.run(TestMethodWorker.java:109)
	at java.util.concurrent.ThreadPoolExecutor.runWorker(ThreadPoolExecutor.java:1149)
	at java.util.concurrent.ThreadPoolExecutor$Worker.run(ThreadPoolExecutor.java:624)
	at java.lang.Thread.run(Thread.java:748)
Caused by: org.openqa.selenium.WebDriverException: unknown error: Element &lt;button id=&quot;create-button&quot; type=&quot;button&quot; class=&quot;ant-btn ant-btn-primary ant-btn-sm&quot;&gt;...&lt;/button&gt; is not clickable at point (1161, 31). Other element would receive the click: &lt;span class=&quot;system-notification__title&quot; style=&quot;flex: 1 1 0%;&quot;&gt;...&lt;/span&gt;
  (Session info: chrome=63.0.3239.132)
  (Driver info: chromedriver=2.36.540471 (9c759b81a907e70363c6312294d30b6ccccc2752),platform=Linux 3.10.0-1127.8.2.el7.x86_64 x86_64) (WARNING: The server did not provide any stacktrace information)
Command duration or timeout: 0 milliseconds
Build info: version: '3.8.1', revision: '6e95a6684b', time: '2017-12-01T18:33:54.468Z'
System info: host: '0ff34afafe76', ip: '172.17.0.4', os.name: 'Linux', os.arch: 'amd64', os.version: '3.10.0-1127.8.2.el7.x86_64', java.version: '1.8.0_262'
Driver info: org.openqa.selenium.chrome.ChromeDriver
Capabilities {acceptInsecureCerts: false, acceptSslCerts: false, applicationCacheEnabled: false, browserConnectionEnabled: false, browserName: chrome, chrome: {chromedriverVersion: 2.36.540471 (9c759b81a907e7..., userDataDir: /tmp/.org.chromium.Chromium...}, cssSelectorsEnabled: true, databaseEnabled: false, handlesAlerts: true, hasTouchScreen: false, javascriptEnabled: true, locationContextEnabled: true, mobileEmulationEnabled: false, nativeEvents: true, networkConnectionEnabled: false, pageLoadStrategy: normal, platform: LINUX, platformName: LINUX, rotatable: false, setWindowRect: true, takesHeapSnapshot: true, takesScreenshot: true, unexpectedAlertBehaviour: , unhandledPromptBehavior: , version: 63.0.3239.132, webStorageEnabled: true}
Session ID: dcc6fb4c7de5cb187430b117da1c4653
	at sun.reflect.GeneratedConstructorAccessor15.newInstance(Unknown Source)
	at sun.reflect.DelegatingConstructorAccessorImpl.newInstance(DelegatingConstructorAccessorImpl.java:45)
	at java.lang.reflect.Constructor.newInstance(Constructor.java:423)
	at org.openqa.selenium.remote.ErrorHandler.createThrowable(ErrorHandler.java:214)
	at org.openqa.selenium.remote.ErrorHandler.throwIfResponseFailed(ErrorHandler.java:166)
	at org.openqa.selenium.remote.http.JsonHttpResponseCodec.reconstructValue(JsonHttpResponseCodec.java:40)
	at org.openqa.selenium.remote.http.AbstractHttpResponseCodec.decode(AbstractHttpResponseCodec.java:80)
	at org.openqa.selenium.remote.http.AbstractHttpResponseCodec.decode(AbstractHttpResponseCodec.java:44)
	at org.openqa.selenium.remote.HttpCommandExecutor.execute(HttpCommandExecutor.java:164)
	at org.openqa.selenium.remote.service.DriverCommandExecutor.execute(DriverCommandExecutor.java:83)
	at org.openqa.selenium.remote.RemoteWebDriver.execute(RemoteWebDriver.java:601)
	at org.openqa.selenium.remote.RemoteWebElement.execute(RemoteWebElement.java:279)
	at org.openqa.selenium.remote.RemoteWebElement.click(RemoteWebElement.java:83)
	at com.codeborne.selenide.commands.Click.click(Click.java:29)
	at com.codeborne.selenide.commands.Click.execute(Click.java:16)
	at com.codeborne.selenide.commands.Click.execute(Click.java:12)
	at com.codeborne.selenide.commands.Commands.execute(Commands.java:144)
	at com.codeborne.selenide.impl.SelenideElementProxy.dispatchAndRetry(SelenideElementProxy.java:87)
	... 19 more
</pre>
</span>
</div>
<div class="test">
<a name="validateProhibitedMountPoint - EPMCMBIBPC-2300"></a>
<h3 class="failures">validateProhibitedMountPoint - EPMCMBIBPC-2300</h3>
<span class="code">
<pre>Element not found {By.id: create-button}
Expected: exist
Screenshot: file:/headless/e2e/gui/build/reports/tests/1637359680978.12.png
Page source: file:/headless/e2e/gui/build/reports/tests/1637359680978.12.html
Timeout: 80 s.
Caused by: WebDriverException: unknown error: Element &lt;button id=&quot;create-button&quot; type=&quot;button&quot; class=&quot;ant-btn ant-btn-primary ant-btn-sm&quot;&gt;...&lt;/button&gt; is not clickable at point (1161, 31). Other element would receive the click: &lt;span class=&quot;system-notification__title&quot; style=&quot;flex: 1 1 0%;&quot;&gt;...&lt;/span&gt;
	at com.codeborne.selenide.impl.WebElementSource.createElementNotFoundError(WebElementSource.java:31)
	at com.codeborne.selenide.impl.ElementFinder.createElementNotFoundError(ElementFinder.java:82)
	at com.codeborne.selenide.impl.SelenideElementProxy.dispatchAndRetry(SelenideElementProxy.java:116)
	at com.codeborne.selenide.impl.SelenideElementProxy.invoke(SelenideElementProxy.java:63)
	at com.sun.proxy.$Proxy15.click(Unknown Source)
	at com.epam.pipeline.autotests.ao.AccessObject.click(AccessObject.java:100)
	at com.epam.pipeline.autotests.ao.PipelinesLibraryAO.clickOnCreateNfsMountButton(PipelinesLibraryAO.java:214)
	at com.epam.pipeline.autotests.ao.PipelinesLibraryAO.createNfsMount(PipelinesLibraryAO.java:196)
	at com.epam.pipeline.autotests.NfsDataStorageTest.validateProhibitedMountPoint(NfsDataStorageTest.java:305)
	at sun.reflect.NativeMethodAccessorImpl.invoke0(Native Method)
	at sun.reflect.NativeMethodAccessorImpl.invoke(NativeMethodAccessorImpl.java:62)
	at sun.reflect.DelegatingMethodAccessorImpl.invoke(DelegatingMethodAccessorImpl.java:43)
	at java.lang.reflect.Method.invoke(Method.java:498)
	at org.testng.internal.MethodInvocationHelper.invokeMethod(MethodInvocationHelper.java:108)
	at org.testng.internal.Invoker.invokeMethod(Invoker.java:661)
	at org.testng.internal.Invoker.invokeTestMethod(Invoker.java:869)
	at org.testng.internal.Invoker.invokeTestMethods(Invoker.java:1193)
	at org.testng.internal.TestMethodWorker.invokeTestMethods(TestMethodWorker.java:126)
	at org.testng.internal.TestMethodWorker.run(TestMethodWorker.java:109)
	at java.util.concurrent.ThreadPoolExecutor.runWorker(ThreadPoolExecutor.java:1149)
	at java.util.concurrent.ThreadPoolExecutor$Worker.run(ThreadPoolExecutor.java:624)
	at java.lang.Thread.run(Thread.java:748)
Caused by: org.openqa.selenium.WebDriverException: unknown error: Element &lt;button id=&quot;create-button&quot; type=&quot;button&quot; class=&quot;ant-btn ant-btn-primary ant-btn-sm&quot;&gt;...&lt;/button&gt; is not clickable at point (1161, 31). Other element would receive the click: &lt;span class=&quot;system-notification__title&quot; style=&quot;flex: 1 1 0%;&quot;&gt;...&lt;/span&gt;
  (Session info: chrome=63.0.3239.132)
  (Driver info: chromedriver=2.36.540471 (9c759b81a907e70363c6312294d30b6ccccc2752),platform=Linux 3.10.0-1127.8.2.el7.x86_64 x86_64) (WARNING: The server did not provide any stacktrace information)
Command duration or timeout: 0 milliseconds
Build info: version: '3.8.1', revision: '6e95a6684b', time: '2017-12-01T18:33:54.468Z'
System info: host: '0ff34afafe76', ip: '172.17.0.4', os.name: 'Linux', os.arch: 'amd64', os.version: '3.10.0-1127.8.2.el7.x86_64', java.version: '1.8.0_262'
Driver info: org.openqa.selenium.chrome.ChromeDriver
Capabilities {acceptInsecureCerts: false, acceptSslCerts: false, applicationCacheEnabled: false, browserConnectionEnabled: false, browserName: chrome, chrome: {chromedriverVersion: 2.36.540471 (9c759b81a907e7..., userDataDir: /tmp/.org.chromium.Chromium...}, cssSelectorsEnabled: true, databaseEnabled: false, handlesAlerts: true, hasTouchScreen: false, javascriptEnabled: true, locationContextEnabled: true, mobileEmulationEnabled: false, nativeEvents: true, networkConnectionEnabled: false, pageLoadStrategy: normal, platform: LINUX, platformName: LINUX, rotatable: false, setWindowRect: true, takesHeapSnapshot: true, takesScreenshot: true, unexpectedAlertBehaviour: , unhandledPromptBehavior: , version: 63.0.3239.132, webStorageEnabled: true}
Session ID: dcc6fb4c7de5cb187430b117da1c4653
	at sun.reflect.GeneratedConstructorAccessor15.newInstance(Unknown Source)
	at sun.reflect.DelegatingConstructorAccessorImpl.newInstance(DelegatingConstructorAccessorImpl.java:45)
	at java.lang.reflect.Constructor.newInstance(Constructor.java:423)
	at org.openqa.selenium.remote.ErrorHandler.createThrowable(ErrorHandler.java:214)
	at org.openqa.selenium.remote.ErrorHandler.throwIfResponseFailed(ErrorHandler.java:166)
	at org.openqa.selenium.remote.http.JsonHttpResponseCodec.reconstructValue(JsonHttpResponseCodec.java:40)
	at org.openqa.selenium.remote.http.AbstractHttpResponseCodec.decode(AbstractHttpResponseCodec.java:80)
	at org.openqa.selenium.remote.http.AbstractHttpResponseCodec.decode(AbstractHttpResponseCodec.java:44)
	at org.openqa.selenium.remote.HttpCommandExecutor.execute(HttpCommandExecutor.java:164)
	at org.openqa.selenium.remote.service.DriverCommandExecutor.execute(DriverCommandExecutor.java:83)
	at org.openqa.selenium.remote.RemoteWebDriver.execute(RemoteWebDriver.java:601)
	at org.openqa.selenium.remote.RemoteWebElement.execute(RemoteWebElement.java:279)
	at org.openqa.selenium.remote.RemoteWebElement.click(RemoteWebElement.java:83)
	at com.codeborne.selenide.commands.Click.click(Click.java:29)
	at com.codeborne.selenide.commands.Click.execute(Click.java:16)
	at com.codeborne.selenide.commands.Click.execute(Click.java:12)
	at com.codeborne.selenide.commands.Commands.execute(Commands.java:144)
	at com.codeborne.selenide.impl.SelenideElementProxy.dispatchAndRetry(SelenideElementProxy.java:87)
	... 19 more
</pre>
</span>
</div>
<div class="test">
<a name="validateProhibitedNfsMountPath - EPMCMBIBPC-2304"></a>
<h3 class="failures">validateProhibitedNfsMountPath - EPMCMBIBPC-2304</h3>
<span class="code">
<pre>Element not found {By.id: create-button}
Expected: exist
Screenshot: file:/headless/e2e/gui/build/reports/tests/1637359763099.13.png
Page source: file:/headless/e2e/gui/build/reports/tests/1637359763099.13.html
Timeout: 80 s.
Caused by: WebDriverException: unknown error: Element &lt;button id=&quot;create-button&quot; type=&quot;button&quot; class=&quot;ant-btn ant-btn-primary ant-btn-sm&quot;&gt;...&lt;/button&gt; is not clickable at point (1161, 31). Other element would receive the click: &lt;span class=&quot;system-notification__title&quot; style=&quot;flex: 1 1 0%;&quot;&gt;...&lt;/span&gt;
	at com.codeborne.selenide.impl.WebElementSource.createElementNotFoundError(WebElementSource.java:31)
	at com.codeborne.selenide.impl.ElementFinder.createElementNotFoundError(ElementFinder.java:82)
	at com.codeborne.selenide.impl.SelenideElementProxy.dispatchAndRetry(SelenideElementProxy.java:116)
	at com.codeborne.selenide.impl.SelenideElementProxy.invoke(SelenideElementProxy.java:63)
	at com.sun.proxy.$Proxy15.click(Unknown Source)
	at com.epam.pipeline.autotests.ao.AccessObject.click(AccessObject.java:100)
	at com.epam.pipeline.autotests.ao.PipelinesLibraryAO.clickOnCreateNfsMountButton(PipelinesLibraryAO.java:214)
	at com.epam.pipeline.autotests.ao.PipelinesLibraryAO.createNfsMount(PipelinesLibraryAO.java:196)
	at com.epam.pipeline.autotests.NfsDataStorageTest.validateProhibitedNfsMountPath(NfsDataStorageTest.java:325)
	at sun.reflect.NativeMethodAccessorImpl.invoke0(Native Method)
	at sun.reflect.NativeMethodAccessorImpl.invoke(NativeMethodAccessorImpl.java:62)
	at sun.reflect.DelegatingMethodAccessorImpl.invoke(DelegatingMethodAccessorImpl.java:43)
	at java.lang.reflect.Method.invoke(Method.java:498)
	at org.testng.internal.MethodInvocationHelper.invokeMethod(MethodInvocationHelper.java:108)
	at org.testng.internal.Invoker.invokeMethod(Invoker.java:661)
	at org.testng.internal.Invoker.invokeTestMethod(Invoker.java:869)
	at org.testng.internal.Invoker.invokeTestMethods(Invoker.java:1193)
	at org.testng.internal.TestMethodWorker.invokeTestMethods(TestMethodWorker.java:126)
	at org.testng.internal.TestMethodWorker.run(TestMethodWorker.java:109)
	at java.util.concurrent.ThreadPoolExecutor.runWorker(ThreadPoolExecutor.java:1149)
	at java.util.concurrent.ThreadPoolExecutor$Worker.run(ThreadPoolExecutor.java:624)
	at java.lang.Thread.run(Thread.java:748)
Caused by: org.openqa.selenium.WebDriverException: unknown error: Element &lt;button id=&quot;create-button&quot; type=&quot;button&quot; class=&quot;ant-btn ant-btn-primary ant-btn-sm&quot;&gt;...&lt;/button&gt; is not clickable at point (1161, 31). Other element would receive the click: &lt;span class=&quot;system-notification__title&quot; style=&quot;flex: 1 1 0%;&quot;&gt;...&lt;/span&gt;
  (Session info: chrome=63.0.3239.132)
  (Driver info: chromedriver=2.36.540471 (9c759b81a907e70363c6312294d30b6ccccc2752),platform=Linux 3.10.0-1127.8.2.el7.x86_64 x86_64) (WARNING: The server did not provide any stacktrace information)
Command duration or timeout: 0 milliseconds
Build info: version: '3.8.1', revision: '6e95a6684b', time: '2017-12-01T18:33:54.468Z'
System info: host: '0ff34afafe76', ip: '172.17.0.4', os.name: 'Linux', os.arch: 'amd64', os.version: '3.10.0-1127.8.2.el7.x86_64', java.version: '1.8.0_262'
Driver info: org.openqa.selenium.chrome.ChromeDriver
Capabilities {acceptInsecureCerts: false, acceptSslCerts: false, applicationCacheEnabled: false, browserConnectionEnabled: false, browserName: chrome, chrome: {chromedriverVersion: 2.36.540471 (9c759b81a907e7..., userDataDir: /tmp/.org.chromium.Chromium...}, cssSelectorsEnabled: true, databaseEnabled: false, handlesAlerts: true, hasTouchScreen: false, javascriptEnabled: true, locationContextEnabled: true, mobileEmulationEnabled: false, nativeEvents: true, networkConnectionEnabled: false, pageLoadStrategy: normal, platform: LINUX, platformName: LINUX, rotatable: false, setWindowRect: true, takesHeapSnapshot: true, takesScreenshot: true, unexpectedAlertBehaviour: , unhandledPromptBehavior: , version: 63.0.3239.132, webStorageEnabled: true}
Session ID: dcc6fb4c7de5cb187430b117da1c4653
	at sun.reflect.GeneratedConstructorAccessor15.newInstance(Unknown Source)
	at sun.reflect.DelegatingConstructorAccessorImpl.newInstance(DelegatingConstructorAccessorImpl.java:45)
	at java.lang.reflect.Constructor.newInstance(Constructor.java:423)
	at org.openqa.selenium.remote.ErrorHandler.createThrowable(ErrorHandler.java:214)
	at org.openqa.selenium.remote.ErrorHandler.throwIfResponseFailed(ErrorHandler.java:166)
	at org.openqa.selenium.remote.http.JsonHttpResponseCodec.reconstructValue(JsonHttpResponseCodec.java:40)
	at org.openqa.selenium.remote.http.AbstractHttpResponseCodec.decode(AbstractHttpResponseCodec.java:80)
	at org.openqa.selenium.remote.http.AbstractHttpResponseCodec.decode(AbstractHttpResponseCodec.java:44)
	at org.openqa.selenium.remote.HttpCommandExecutor.execute(HttpCommandExecutor.java:164)
	at org.openqa.selenium.remote.service.DriverCommandExecutor.execute(DriverCommandExecutor.java:83)
	at org.openqa.selenium.remote.RemoteWebDriver.execute(RemoteWebDriver.java:601)
	at org.openqa.selenium.remote.RemoteWebElement.execute(RemoteWebElement.java:279)
	at org.openqa.selenium.remote.RemoteWebElement.click(RemoteWebElement.java:83)
	at com.codeborne.selenide.commands.Click.click(Click.java:29)
	at com.codeborne.selenide.commands.Click.execute(Click.java:16)
	at com.codeborne.selenide.commands.Click.execute(Click.java:12)
	at com.codeborne.selenide.commands.Commands.execute(Commands.java:144)
	at com.codeborne.selenide.impl.SelenideElementProxy.dispatchAndRetry(SelenideElementProxy.java:87)
	... 19 more
</pre>
</span>
</div>
</div>
<div id="tab1" class="tab">
<h2>Tests</h2>
<table>
<thead>
<tr>
<th>Test</th>
<th>Duration</th>
<th>Result</th>
</tr>
</thead>
<tr>
<td class="skipped">NfsMountChangeAlias</td>
<td>-</td>
<td class="skipped">ignored</td>
</tr>
<tr>
<td class="skipped">createDataStorageWithNameThatAlreadyExists</td>
<td>-</td>
<td class="skipped">ignored</td>
</tr>
<tr>
<td class="skipped">createFolderInDataStorageWithNameThatAlreadyExists</td>
<td>-</td>
<td class="skipped">ignored</td>
</tr>
<tr>
<td class="failures">createNfsMountAndValidate - EPMCMBIBPC-2274</td>
<td>1m22.99s</td>
<td class="failures">failed</td>
</tr>
<tr>
<td class="failures">createNfsMountWithSpacesAndValidate - EPMCMBIBPC-2603</td>
<td>1m22.26s</td>
<td class="failures">failed</td>
</tr>
<tr>
<td class="skipped">createSubfolderInDataStorage</td>
<td>-</td>
<td class="skipped">ignored</td>
</tr>
<tr>
<td class="skipped">deleteFolderWithContent</td>
<td>-</td>
<td class="skipped">ignored</td>
</tr>
<tr>
<td class="skipped">deleteFromNfsMountFilesAndFoldersWithSpacesAndValidate</td>
<td>-</td>
<td class="skipped">ignored</td>
</tr>
<tr>
<td class="skipped">deleteSeveralFilesNfsMount</td>
<td>-</td>
<td class="skipped">ignored</td>
</tr>
<tr>
<td class="skipped">downloadFileAndValidateNfsMount</td>
<td>-</td>
<td class="skipped">ignored</td>
</tr>
<tr>
<td class="failures">editFileName - EPMCMBIBPC-2600</td>
<td>1m20.95s</td>
<td class="failures">failed</td>
</tr>
<tr>
<td class="failures">editFolderName - EPMCMBIBPC-2599</td>
<td>1m20.89s</td>
<td class="failures">failed</td>
</tr>
<tr>
<td class="skipped">navigateToSubfolderAndBackToTheRoot</td>
<td>-</td>
<td class="skipped">ignored</td>
</tr>
<tr>
<td class="failures">removeStorages</td>
<td>1m24.47s</td>
<td class="failures">failed</td>
</tr>
<tr>
<td class="skipped">uploadInNfsMountFilesAndFoldersWithSpacesAndValidate</td>
<td>-</td>
<td class="skipped">ignored</td>
</tr>
<tr>
<td class="skipped">validateEditForm</td>
<td>-</td>
<td class="skipped">ignored</td>
</tr>
<tr>
<td class="failures">validateOfNfsMountUnregister - EPMCMBIBPC-2307</td>
<td>1m22.13s</td>
<td class="failures">failed</td>
</tr>
<tr>
<td class="failures">validateProhibitedMountPoint - EPMCMBIBPC-2300</td>
<td>1m22.11s</td>
<td class="failures">failed</td>
</tr>
<tr>
<td class="failures">validateProhibitedNfsMountPath - EPMCMBIBPC-2304</td>
<td>1m22.13s</td>
<td class="failures">failed</td>
</tr>
<tr>
<td class="skipped">validateSelectPageButton</td>
<td>-</td>
<td class="skipped">ignored</td>
</tr>
</table>
</div>
</div>
<div id="footer">
<p>
<div>
<label class="hidden" id="label-for-line-wrapping-toggle" for="line-wrapping-toggle">Wrap lines
<input id="line-wrapping-toggle" type="checkbox" autocomplete="off"/>
</label>
</div>Generated by 
<a href="http://www.gradle.org">Gradle 3.4.1</a> at Nov 20, 2021 2:52:46 AM</p>
</div>
</div>
</body>
</html>
