<!DOCTYPE html>
<html>
<head>
<meta http-equiv="Content-Type" content="text/html; charset=utf-8"/>
<meta http-equiv="x-ua-compatible" content="IE=edge"/>
<title>Test results - Class com.epam.pipeline.autotests.RunPipelineTest</title>
<link href="../css/base-style.css" rel="stylesheet" type="text/css"/>
<link href="../css/style.css" rel="stylesheet" type="text/css"/>
<script src="../js/report.js" type="text/javascript"></script>
</head>
<body>
<div id="content">
<h1>Class com.epam.pipeline.autotests.RunPipelineTest</h1>
<div class="breadcrumbs">
<a href="../index.html">all</a> &gt; 
<a href="../packages/com.epam.pipeline.autotests.html">com.epam.pipeline.autotests</a> &gt; RunPipelineTest</div>
<div id="summary">
<table>
<tr>
<td>
<div class="summaryGroup">
<table>
<tr>
<td>
<div class="infoBox" id="tests">
<div class="counter">14</div>
<p>tests</p>
</div>
</td>
<td>
<div class="infoBox" id="failures">
<div class="counter">2</div>
<p>failures</p>
</div>
</td>
<td>
<div class="infoBox" id="ignored">
<div class="counter">2</div>
<p>ignored</p>
</div>
</td>
<td>
<div class="infoBox" id="duration">
<div class="counter">13m9.20s</div>
<p>duration</p>
</div>
</td>
</tr>
</table>
</div>
</td>
<td>
<div class="infoBox failures" id="successRate">
<div class="percent">83%</div>
<p>successful</p>
</div>
</td>
</tr>
</table>
</div>
<div id="tabs">
<ul class="tabLinks">
<li>
<a href="#tab0">Failed tests</a>
</li>
<li>
<a href="#tab1">Tests</a>
</li>
<li>
<a href="#tab2">Standard output</a>
</li>
</ul>
<div id="tab0" class="tab">
<h2>Failed tests</h2>
<div class="test">
<a name="logShouldBeValid - EPMCMBIBPC-309"></a>
<h3 class="failures">logShouldBeValid - EPMCMBIBPC-309</h3>
<span class="code">
<pre>Element should contains messages {By.className: ReactVirtualized__List}
Element: '&lt;div aria-label=&quot;grid&quot; aria-readonly=&quot;true&quot; class=&quot;ReactVirtualized__Grid ReactVirtualized__List log__logs-table&quot; role=&quot;grid&quot; tabindex=&quot;0&quot;&gt;126:[2021-02-27 14:07:37] --&gt;test-perm-storage:WS_il33_1 mounted to /cloud-data/test-perm-storage/WS_il33_1
127:[2021-02-27 14:07:37] --&gt;test-perm-storage:WS_il33__2 mounted to /cloud-data/test-perm-storage/WS_il33__2
128:[2021-02-27 14:07:37] --&gt;test-perm-storage:il33 mounted to /cloud-data/test-perm-storage/il33
129:[2021-02-27 14:07:37] --&gt;test-perm-storage:tests mounted to /cloud-data/test-perm-storage/tests
130:[2021-02-27 14:07:37] --&gt;test-results mounted to /cloud-data/test-results
131:[2021-02-27 14:07:37] --&gt;testelasticsearch-agent-files mounted to /cloud-data/testelasticsearch-agent-files
132:[2021-02-27 14:07:37] --&gt;testregionremove mounted to /cloud-data/testregionremove
133:[2021-02-27 14:07:37] --&gt;ui-tests-epmcmbibpc-1072-4603149088862859822 mounted to /cloud-data/ui-tests-epmcmbibpc-1072-4603149088862859822
134:[2021-02-27 14:07:37] --&gt;fs-2a5ab373.efs.eu-central-1.amazonaws.com:/groups/ngs/partek_dev mounted to /groups/ngs/partek_dev
135:[2021-02-27 14:07:37] --&gt;substorages-sync-shared-root:SUBDIR_GROUP mounted to /home/$OWNER/SUBDIR_GROUP
136:[2021-02-27 14:07:37] --&gt;fs-2a5ab373.efs.eu-central-1.amazonaws.com:/asdf-11112222 mounted to /home/$OWNER/cloud-home
137:[2021-02-27 14:07:37] --&gt;fs-2a5ab373.efs.eu-central-1.amazonaws.com:/lustre_vs_efs/efs mounted to /lustre_vs_efs/efs
138:[2021-02-27 14:07:38] --&gt; Failed mounting fs-03cf215da9cfaf390.fsx.eu-central-1.amazonaws.com@tcp:/pobqfbmv/lustre_vs_efs/lustre to /lustre_vs_efs/lustre
139:[2021-02-27 14:07:38] --&gt; Failed mounting fs-2a5ab373.efs.eu-central-1.amazonaws.com:/my/mount to /my/mount222
140:[2021-02-27 14:07:38] --&gt; Failed mounting fs-2a5ab373.efs.eu-central-1.amazonaws.com:/common/software to /opt/software
141:[2021-02-27 14:07:38] --&gt;fs-2a5ab373.efs.eu-central-1.amazonaws.com:/qsp-db mounted to /qsp-data
142:[2021-02-27 14:07:38] Finished data storage mounting&lt;/div&gt;'
Actual value: Following messages wasn't found in log:
available storage(s). Checking mount options.
Screenshot: file:/headless/e2e/gui/build/reports/tests/1614434968523.83.png
Page source: file:/headless/e2e/gui/build/reports/tests/1614434968523.83.html
Timeout: 80 s.
	at com.codeborne.selenide.impl.WebElementSource.checkCondition(WebElementSource.java:66)
	at com.codeborne.selenide.commands.Should.should(Should.java:35)
	at com.codeborne.selenide.commands.Should.execute(Should.java:29)
	at com.codeborne.selenide.commands.Should.execute(Should.java:12)
	at com.codeborne.selenide.commands.Commands.execute(Commands.java:144)
	at com.codeborne.selenide.impl.SelenideElementProxy.dispatchAndRetry(SelenideElementProxy.java:87)
	at com.codeborne.selenide.impl.SelenideElementProxy.invoke(SelenideElementProxy.java:63)
	at com.sun.proxy.$Proxy15.should(Unknown Source)
	at com.epam.pipeline.autotests.ao.AccessObject.ensure(AccessObject.java:190)
	at com.epam.pipeline.autotests.RunPipelineTest.logShouldBeValid(RunPipelineTest.java:188)
	at sun.reflect.NativeMethodAccessorImpl.invoke0(Native Method)
	at sun.reflect.NativeMethodAccessorImpl.invoke(NativeMethodAccessorImpl.java:62)
	at sun.reflect.DelegatingMethodAccessorImpl.invoke(DelegatingMethodAccessorImpl.java:43)
	at java.lang.reflect.Method.invoke(Method.java:498)
	at org.testng.internal.MethodInvocationHelper.invokeMethod(MethodInvocationHelper.java:108)
	at org.testng.internal.Invoker.invokeMethod(Invoker.java:661)
	at org.testng.internal.Invoker.invokeTestMethod(Invoker.java:869)
	at org.testng.internal.Invoker.invokeTestMethods(Invoker.java:1193)
	at org.testng.internal.TestMethodWorker.invokeTestMethods(TestMethodWorker.java:126)
	at org.testng.internal.TestMethodWorker.run(TestMethodWorker.java:109)
	at java.util.concurrent.ThreadPoolExecutor.runWorker(ThreadPoolExecutor.java:1149)
	at java.util.concurrent.ThreadPoolExecutor$Worker.run(ThreadPoolExecutor.java:624)
	at java.lang.Thread.run(Thread.java:748)
</pre>
</span>
</div>
<div class="test">
<a name="nodePageShouldBeValid - EPMCMBIBPC-301"></a>
<h3 class="failures">nodePageShouldBeValid - EPMCMBIBPC-301</h3>
<span class="code">
<pre>Element not found {label with type RUNID}
Expected: visible
Screenshot: file:/headless/e2e/gui/build/reports/tests/1614435250763.84.png
Page source: file:/headless/e2e/gui/build/reports/tests/1614435250763.84.html
Timeout: 80 s.
Caused by: NoSuchElementException: Cannot locate an element using label with type RUNID
	at com.codeborne.selenide.impl.WebElementSource.createElementNotFoundError(WebElementSource.java:31)
	at com.codeborne.selenide.impl.ElementFinder.createElementNotFoundError(ElementFinder.java:82)
	at com.codeborne.selenide.impl.WebElementSource.checkCondition(WebElementSource.java:59)
	at com.codeborne.selenide.commands.Should.should(Should.java:35)
	at com.codeborne.selenide.commands.Should.execute(Should.java:29)
	at com.codeborne.selenide.commands.Should.execute(Should.java:12)
	at com.codeborne.selenide.commands.Commands.execute(Commands.java:144)
	at com.codeborne.selenide.impl.SelenideElementProxy.dispatchAndRetry(SelenideElementProxy.java:87)
	at com.codeborne.selenide.impl.SelenideElementProxy.invoke(SelenideElementProxy.java:63)
	at com.sun.proxy.$Proxy15.should(Unknown Source)
	at com.epam.pipeline.autotests.ao.AccessObject.ensure(AccessObject.java:190)
	at com.epam.pipeline.autotests.RunPipelineTest.nodePageShouldBeValid(RunPipelineTest.java:254)
	at sun.reflect.NativeMethodAccessorImpl.invoke0(Native Method)
	at sun.reflect.NativeMethodAccessorImpl.invoke(NativeMethodAccessorImpl.java:62)
	at sun.reflect.DelegatingMethodAccessorImpl.invoke(DelegatingMethodAccessorImpl.java:43)
	at java.lang.reflect.Method.invoke(Method.java:498)
	at org.testng.internal.MethodInvocationHelper.invokeMethod(MethodInvocationHelper.java:108)
	at org.testng.internal.Invoker.invokeMethod(Invoker.java:661)
	at org.testng.internal.Invoker.invokeTestMethod(Invoker.java:869)
	at org.testng.internal.Invoker.invokeTestMethods(Invoker.java:1193)
	at org.testng.internal.TestMethodWorker.invokeTestMethods(TestMethodWorker.java:126)
	at org.testng.internal.TestMethodWorker.run(TestMethodWorker.java:109)
	at java.util.concurrent.ThreadPoolExecutor.runWorker(ThreadPoolExecutor.java:1149)
	at java.util.concurrent.ThreadPoolExecutor$Worker.run(ThreadPoolExecutor.java:624)
	at java.lang.Thread.run(Thread.java:748)
Caused by: org.openqa.selenium.NoSuchElementException: Cannot locate an element using label with type RUNID
For documentation on this error, please visit: http://seleniumhq.org/exceptions/no_such_element.html
Build info: version: '3.8.1', revision: '6e95a6684b', time: '2017-12-01T18:33:54.468Z'
System info: host: 'c8f722b4cc35', ip: '172.17.0.2', os.name: 'Linux', os.arch: 'amd64', os.version: '3.10.0-1127.8.2.el7.x86_64', java.version: '1.8.0_262'
Driver info: driver.version: unknown
	at org.openqa.selenium.By.findElement(By.java:162)
	at org.openqa.selenium.remote.RemoteWebElement.findElement(RemoteWebElement.java:175)
	at com.codeborne.selenide.impl.WebElementSelector.findElement(WebElementSelector.java:29)
	at com.codeborne.selenide.impl.ElementFinder.getWebElement(ElementFinder.java:56)
	at com.codeborne.selenide.impl.WebElementSource.checkCondition(WebElementSource.java:44)
	... 22 more
</pre>
</span>
</div>
</div>
<div id="tab1" class="tab">
<h2>Tests</h2>
<table>
<thead>
<tr>
<th>Test</th>
<th>Duration</th>
<th>Result</th>
</tr>
</thead>
<tr>
<td class="success">activePipelineShouldBeOpenedFromNodeInfo - EPMCMBIBPC-302</td>
<td>0.832s</td>
<td class="success">passed</td>
</tr>
<tr>
<td class="success">clusterNodePageShouldBeValid - EPMCMBIBPC-267</td>
<td>6.083s</td>
<td class="success">passed</td>
</tr>
<tr>
<td class="success">cmdTemplateShouldBeCorrect - EPMCMBIBPC-306</td>
<td>17.262s</td>
<td class="success">passed</td>
</tr>
<tr>
<td class="success">instanceTabShouldBeValid - EPMCMBIBPC-307</td>
<td>0.581s</td>
<td class="success">passed</td>
</tr>
<tr>
<td class="failures">logShouldBeValid - EPMCMBIBPC-309</td>
<td>1m24.28s</td>
<td class="failures">failed</td>
</tr>
<tr>
<td class="failures">nodePageShouldBeValid - EPMCMBIBPC-301</td>
<td>1m22.67s</td>
<td class="failures">failed</td>
</tr>
<tr>
<td class="success">pipelineLogPageShouldBeValid - EPMCMBIBPC-305</td>
<td>3m13.44s</td>
<td class="success">passed</td>
</tr>
<tr>
<td class="success">pipelineRunFormShouldBeValid - EPMCMBIBPC-299</td>
<td>16.745s</td>
<td class="success">passed</td>
</tr>
<tr>
<td class="success">runShouldNotAppearInActiveRuns - EPMCMBIBPC-312</td>
<td>3m13.45s</td>
<td class="success">passed</td>
</tr>
<tr>
<td class="success">shouldContainCorrectNode - EPMCMBIBPC-304</td>
<td>2m44.02s</td>
<td class="success">passed</td>
</tr>
<tr>
<td class="success">shouldCreatePipelineFromPythonTemplate - EPMCMBIBPC-298</td>
<td>9.914s</td>
<td class="success">passed</td>
</tr>
<tr>
<td class="success">shouldLaunchPipeline - EPMCMBIBPC-100</td>
<td>19.921s</td>
<td class="success">passed</td>
</tr>
<tr>
<td class="skipped">shouldNavigateToTheNode</td>
<td>-</td>
<td class="skipped">ignored</td>
</tr>
<tr>
<td class="skipped">timingsShouldBeValid</td>
<td>-</td>
<td class="skipped">ignored</td>
</tr>
</table>
</div>
<div id="tab2" class="tab">
<h2>Standard output</h2>
<span class="code">
<pre>Returns latest run with runId 60537 from [60537]
Returns latest run with runId 60537 from [60537]
Returns latest run with runId 60537 from [60537]
Returns latest run with runId 60537 from [60537]
Returns latest run with runId 60537 from [60537]
Returns latest run with runId 60537 from [60537]
Returns latest run with runId 60538 from [60537, 60538]
Returns latest run with runId 60538 from [60537, 60538]
Returns latest run with runId 60538 from [60537, 60538]
</pre>
</span>
</div>
</div>
<div id="footer">
<p>
<div>
<label class="hidden" id="label-for-line-wrapping-toggle" for="line-wrapping-toggle">Wrap lines
<input id="line-wrapping-toggle" type="checkbox" autocomplete="off"/>
</label>
</div>Generated by 
<a href="http://www.gradle.org">Gradle 3.4.1</a> at Feb 27, 2021 7:26:43 PM</p>
</div>
</div>
</body>
</html>
